TN:
SF:src/index.ts
FN:121,(anonymous_10)
FN:128,(anonymous_11)
FN:143,(anonymous_12)
FN:164,(anonymous_13)
FN:293,(anonymous_14)
FN:558,(anonymous_15)
FN:563,(anonymous_16)
FN:575,(anonymous_17)
FN:607,(anonymous_18)
FN:618,(anonymous_19)
FN:669,(anonymous_20)
FN:688,(anonymous_21)
FN:692,(anonymous_22)
FN:695,(anonymous_23)
FN:757,(anonymous_24)
FN:765,(anonymous_25)
FN:776,(anonymous_26)
FN:822,(anonymous_27)
FN:867,(anonymous_28)
FN:879,(anonymous_29)
FN:893,(anonymous_30)
FN:896,(anonymous_31)
FN:906,(anonymous_32)
FN:909,(anonymous_33)
FN:913,(anonymous_34)
FN:917,(anonymous_35)
FN:919,(anonymous_36)
FN:924,(anonymous_37)
FN:926,(anonymous_38)
FN:935,(anonymous_39)
FN:941,(anonymous_40)
FN:942,(anonymous_41)
FN:947,(anonymous_42)
FN:951,(anonymous_43)
FN:960,(anonymous_44)
FN:972,(anonymous_45)
FN:994,(anonymous_46)
FN:1008,(anonymous_47)
FN:1024,(anonymous_48)
FN:1034,(anonymous_49)
FNF:40
FNH:0
FNDA:0,(anonymous_10)
FNDA:0,(anonymous_11)
FNDA:0,(anonymous_12)
FNDA:0,(anonymous_13)
FNDA:0,(anonymous_14)
FNDA:0,(anonymous_15)
FNDA:0,(anonymous_16)
FNDA:0,(anonymous_17)
FNDA:0,(anonymous_18)
FNDA:0,(anonymous_19)
FNDA:0,(anonymous_20)
FNDA:0,(anonymous_21)
FNDA:0,(anonymous_22)
FNDA:0,(anonymous_23)
FNDA:0,(anonymous_24)
FNDA:0,(anonymous_25)
FNDA:0,(anonymous_26)
FNDA:0,(anonymous_27)
FNDA:0,(anonymous_28)
FNDA:0,(anonymous_29)
FNDA:0,(anonymous_30)
FNDA:0,(anonymous_31)
FNDA:0,(anonymous_32)
FNDA:0,(anonymous_33)
FNDA:0,(anonymous_34)
FNDA:0,(anonymous_35)
FNDA:0,(anonymous_36)
FNDA:0,(anonymous_37)
FNDA:0,(anonymous_38)
FNDA:0,(anonymous_39)
FNDA:0,(anonymous_40)
FNDA:0,(anonymous_41)
FNDA:0,(anonymous_42)
FNDA:0,(anonymous_43)
FNDA:0,(anonymous_44)
FNDA:0,(anonymous_45)
FNDA:0,(anonymous_46)
FNDA:0,(anonymous_47)
FNDA:0,(anonymous_48)
FNDA:0,(anonymous_49)
DA:23,0
DA:24,0
DA:25,0
DA:26,0
DA:27,0
DA:28,0
DA:29,0
DA:30,0
DA:31,0
DA:34,0
DA:39,0
DA:40,0
DA:43,0
DA:44,0
DA:45,0
DA:46,0
DA:47,0
DA:49,0
DA:52,0
DA:53,0
DA:54,0
DA:55,0
DA:56,0
DA:57,0
DA:58,0
DA:59,0
DA:60,0
DA:61,0
DA:62,0
DA:63,0
DA:64,0
DA:65,0
DA:66,0
DA:67,0
DA:68,0
DA:69,0
DA:70,0
DA:71,0
DA:73,0
DA:74,0
DA:75,0
DA:76,0
DA:77,0
DA:78,0
DA:79,0
DA:80,0
DA:81,0
DA:82,0
DA:83,0
DA:84,0
DA:85,0
DA:88,0
DA:89,0
DA:90,0
DA:91,0
DA:93,0
DA:94,0
DA:95,0
DA:96,0
DA:97,0
DA:98,0
DA:99,0
DA:100,0
DA:101,0
DA:102,0
DA:103,0
DA:104,0
DA:105,0
DA:106,0
DA:107,0
DA:109,0
DA:110,0
DA:111,0
DA:112,0
DA:114,0
DA:115,0
DA:116,0
DA:117,0
DA:118,0
DA:121,0
DA:122,0
DA:123,0
DA:124,0
DA:125,0
DA:128,0
DA:129,0
DA:130,0
DA:131,0
DA:132,0
DA:141,0
DA:144,0
DA:147,0
DA:150,0
DA:151,0
DA:152,0
DA:154,0
DA:155,0
DA:159,0
DA:161,0
DA:165,0
DA:166,0
DA:169,0
DA:170,0
DA:186,0
DA:189,0
DA:190,0
DA:191,0
DA:193,0
DA:196,0
DA:197,0
DA:199,0
DA:203,0
DA:204,0
DA:205,0
DA:207,0
DA:209,0
DA:210,0
DA:212,0
DA:216,0
DA:217,0
DA:218,0
DA:220,0
DA:221,0
DA:222,0
DA:224,0
DA:228,0
DA:229,0
DA:230,0
DA:232,0
DA:233,0
DA:234,0
DA:236,0
DA:240,0
DA:241,0
DA:242,0
DA:244,0
DA:245,0
DA:246,0
DA:248,0
DA:252,0
DA:253,0
DA:254,0
DA:256,0
DA:257,0
DA:258,0
DA:260,0
DA:264,0
DA:265,0
DA:266,0
DA:268,0
DA:269,0
DA:270,0
DA:272,0
DA:276,0
DA:277,0
DA:278,0
DA:280,0
DA:281,0
DA:282,0
DA:284,0
DA:288,0
DA:289,0
DA:290,0
DA:292,0
DA:293,0
DA:294,0
DA:295,0
DA:297,0
DA:300,0
DA:301,0
DA:302,0
DA:304,0
DA:308,0
DA:309,0
DA:310,0
DA:312,0
DA:313,0
DA:314,0
DA:316,0
DA:320,0
DA:321,0
DA:322,0
DA:324,0
DA:325,0
DA:326,0
DA:328,0
DA:332,0
DA:333,0
DA:334,0
DA:336,0
DA:337,0
DA:338,0
DA:340,0
DA:344,0
DA:345,0
DA:346,0
DA:348,0
DA:349,0
DA:350,0
DA:352,0
DA:356,0
DA:357,0
DA:358,0
DA:360,0
DA:361,0
DA:362,0
DA:364,0
DA:368,0
DA:369,0
DA:370,0
DA:372,0
DA:373,0
DA:374,0
DA:376,0
DA:380,0
DA:381,0
DA:382,0
DA:384,0
DA:385,0
DA:386,0
DA:388,0
DA:392,0
DA:393,0
DA:394,0
DA:396,0
DA:397,0
DA:398,0
DA:400,0
DA:404,0
DA:405,0
DA:406,0
DA:408,0
DA:409,0
DA:410,0
DA:412,0
DA:431,0
DA:432,0
DA:433,0
DA:435,0
DA:436,0
DA:437,0
DA:439,0
DA:443,0
DA:444,0
DA:445,0
DA:447,0
DA:448,0
DA:449,0
DA:451,0
DA:455,0
DA:456,0
DA:457,0
DA:459,0
DA:460,0
DA:461,0
DA:463,0
DA:467,0
DA:468,0
DA:469,0
DA:471,0
DA:472,0
DA:473,0
DA:475,0
DA:479,0
DA:480,0
DA:481,0
DA:483,0
DA:484,0
DA:485,0
DA:487,0
DA:491,0
DA:492,0
DA:493,0
DA:495,0
DA:496,0
DA:497,0
DA:499,0
DA:503,0
DA:504,0
DA:505,0
DA:507,0
DA:508,0
DA:509,0
DA:511,0
DA:515,0
DA:516,0
DA:517,0
DA:518,0
DA:520,0
DA:521,0
DA:522,0
DA:524,0
DA:528,0
DA:529,0
DA:530,0
DA:532,0
DA:533,0
DA:534,0
DA:536,0
DA:540,0
DA:541,0
DA:542,0
DA:544,0
DA:545,0
DA:546,0
DA:548,0
DA:551,0
DA:553,0
DA:554,0
DA:559,0
DA:563,0
DA:564,0
DA:565,0
DA:568,0
DA:575,0
DA:595,0
DA:604,0
DA:608,0
DA:609,0
DA:611,0
DA:616,0
DA:619,0
DA:625,0
DA:634,0
DA:637,0
DA:640,0
DA:641,0
DA:644,0
DA:647,0
DA:648,0
DA:649,0
DA:652,0
DA:655,0
DA:658,0
DA:661,0
DA:662,0
DA:663,0
DA:664,0
DA:667,0
DA:671,0
DA:672,0
DA:677,0
DA:683,0
DA:685,0
DA:689,0
DA:692,0
DA:695,0
DA:696,0
DA:697,0
DA:698,0
DA:700,0
DA:702,0
DA:703,0
DA:707,0
DA:747,0
DA:751,0
DA:754,0
DA:757,0
DA:758,0
DA:759,0
DA:760,0
DA:761,0
DA:762,0
DA:763,0
DA:764,0
DA:765,0
DA:767,0
DA:768,0
DA:769,0
DA:771,0
DA:772,0
DA:773,0
DA:776,0
DA:777,0
DA:778,0
DA:779,0
DA:781,0
DA:786,0
DA:787,0
DA:788,0
DA:789,0
DA:790,0
DA:791,0
DA:792,0
DA:793,0
DA:794,0
DA:795,0
DA:796,0
DA:797,0
DA:798,0
DA:799,0
DA:800,0
DA:801,0
DA:802,0
DA:803,0
DA:804,0
DA:805,0
DA:807,0
DA:808,0
DA:809,0
DA:810,0
DA:811,0
DA:812,0
DA:813,0
DA:814,0
DA:815,0
DA:816,0
DA:817,0
DA:818,0
DA:819,0
DA:822,0
DA:823,0
DA:864,0
DA:868,0
DA:871,0
DA:874,0
DA:876,0
DA:880,0
DA:882,0
DA:884,0
DA:893,0
DA:894,0
DA:896,0
DA:897,0
DA:903,0
DA:907,0
DA:909,0
DA:910,0
DA:911,0
DA:913,0
DA:914,0
DA:917,0
DA:918,0
DA:920,0
DA:924,0
DA:925,0
DA:927,0
DA:930,0
DA:931,0
DA:935,0
DA:936,0
DA:937,0
DA:941,0
DA:942,0
DA:944,0
DA:948,0
DA:951,0
DA:952,0
DA:953,0
DA:955,0
DA:960,0
DA:961,0
DA:963,0
DA:965,0
DA:969,0
DA:973,0
DA:975,0
DA:977,0
DA:980,0
DA:983,0
DA:986,0
DA:989,0
DA:992,0
DA:994,0
DA:995,0
DA:1005,0
DA:1008,0
DA:1009,0
DA:1010,0
DA:1011,0
DA:1013,0
DA:1014,0
DA:1018,0
DA:1019,0
DA:1025,0
DA:1030,0
DA:1033,0
DA:1034,0
DA:1035,0
DA:1036,0
LF:480
LH:0
BRDA:196,0,0,0
BRDA:209,1,0,0
BRDA:221,2,0,0
BRDA:233,3,0,0
BRDA:245,4,0,0
BRDA:257,5,0,0
BRDA:269,6,0,0
BRDA:281,7,0,0
BRDA:297,8,0,0
BRDA:297,8,1,0
BRDA:301,9,0,0
BRDA:313,10,0,0
BRDA:325,11,0,0
BRDA:337,12,0,0
BRDA:349,13,0,0
BRDA:361,14,0,0
BRDA:373,15,0,0
BRDA:385,16,0,0
BRDA:397,17,0,0
BRDA:409,18,0,0
BRDA:436,19,0,0
BRDA:448,20,0,0
BRDA:460,21,0,0
BRDA:472,22,0,0
BRDA:484,23,0,0
BRDA:496,24,0,0
BRDA:508,25,0,0
BRDA:521,26,0,0
BRDA:533,27,0,0
BRDA:545,28,0,0
BRDA:608,29,0,0
BRDA:627,30,0,0
BRDA:627,30,1,0
BRDA:628,31,0,0
BRDA:628,31,1,0
BRDA:629,32,0,0
BRDA:629,32,1,0
BRDA:630,33,0,0
BRDA:630,33,1,0
BRDA:671,34,0,0
BRDA:697,35,0,0
BRDA:697,36,0,0
BRDA:697,36,1,0
BRDA:700,37,0,0
BRDA:700,37,1,0
BRDA:711,38,0,0
BRDA:711,38,1,0
BRDA:712,39,0,0
BRDA:712,39,1,0
BRDA:714,40,0,0
BRDA:714,40,1,0
BRDA:715,41,0,0
BRDA:715,41,1,0
BRDA:759,42,0,0
BRDA:759,42,1,0
BRDA:761,43,0,0
BRDA:761,43,1,0
BRDA:762,44,0,0
BRDA:762,44,1,0
BRDA:763,45,0,0
BRDA:763,45,1,0
BRDA:764,46,0,0
BRDA:764,46,1,0
BRDA:765,47,0,0
BRDA:765,47,1,0
BRDA:767,48,0,0
BRDA:767,48,1,0
BRDA:767,48,2,0
BRDA:767,48,3,0
BRDA:768,49,0,0
BRDA:768,49,1,0
BRDA:769,50,0,0
BRDA:769,50,1,0
BRDA:771,51,0,0
BRDA:771,52,0,0
BRDA:771,52,1,0
BRDA:973,53,0,0
BRDA:973,53,1,0
BRDA:999,54,0,0
BRDA:999,54,1,0
BRDA:1009,55,0,0
BRDA:1009,55,1,0
BRF:82
BRH:0
end_of_record
TN:
SF:src/config/kyc-limits.config.ts
FN:248,(anonymous_0)
FN:254,(anonymous_1)
FN:264,(anonymous_2)
FN:310,(anonymous_3)
FN:330,(anonymous_4)
FN:351,(anonymous_5)
FN:358,(anonymous_6)
FN:365,(anonymous_7)
FN:372,(anonymous_8)
FN:379,(anonymous_9)
FN:386,(anonymous_10)
FN:397,(anonymous_11)
FN:415,(anonymous_12)
FN:433,(anonymous_13)
FN:448,(anonymous_14)
FN:460,(anonymous_15)
FN:467,(anonymous_16)
FN:474,(anonymous_17)
FN:483,getCurrencySymbol
FN:487,getCurrencyCode
FN:491,formatCurrency
FN:495,getKYCLimits
FN:499,getRoleLimits
FNF:23
FNH:0
FNDA:0,(anonymous_0)
FNDA:0,(anonymous_1)
FNDA:0,(anonymous_2)
FNDA:0,(anonymous_3)
FNDA:0,(anonymous_4)
FNDA:0,(anonymous_5)
FNDA:0,(anonymous_6)
FNDA:0,(anonymous_7)
FNDA:0,(anonymous_8)
FNDA:0,(anonymous_9)
FNDA:0,(anonymous_10)
FNDA:0,(anonymous_11)
FNDA:0,(anonymous_12)
FNDA:0,(anonymous_13)
FNDA:0,(anonymous_14)
FNDA:0,(anonymous_15)
FNDA:0,(anonymous_16)
FNDA:0,(anonymous_17)
FNDA:0,getCurrencySymbol
FNDA:0,getCurrencyCode
FNDA:0,formatCurrency
FNDA:0,getKYCLimits
FNDA:0,getRoleLimits
DA:18,0
DA:33,0
DA:68,0
DA:70,0
DA:174,0
DA:241,0
DA:246,0
DA:249,0
DA:250,0
DA:251,0
DA:255,0
DA:256,0
DA:258,0
DA:265,0
DA:267,0
DA:269,0
DA:270,0
DA:271,0
DA:272,0
DA:273,0
DA:276,0
DA:277,0
DA:278,0
DA:279,0
DA:280,0
DA:284,0
DA:292,0
DA:293,0
DA:301,0
DA:303,0
DA:311,0
DA:312,0
DA:313,0
DA:322,0
DA:331,0
DA:332,0
DA:333,0
DA:339,0
DA:352,0
DA:359,0
DA:366,0
DA:373,0
DA:380,0
DA:387,0
DA:398,0
DA:399,0
DA:400,0
DA:403,0
DA:408,0
DA:409,0
DA:416,0
DA:417,0
DA:418,0
DA:421,0
DA:426,0
DA:427,0
DA:434,0
DA:438,0
DA:449,0
DA:461,0
DA:468,0
DA:475,0
DA:480,0
DA:483,0
DA:484,0
DA:487,0
DA:488,0
DA:491,0
DA:492,0
DA:495,0
DA:496,0
DA:499,0
DA:500,0
LF:73
LH:0
BRDA:34,0,0,0
BRDA:34,0,1,0
BRDA:35,1,0,0
BRDA:35,1,1,0
BRDA:36,2,0,0
BRDA:36,2,1,0
BRDA:37,3,0,0
BRDA:37,3,1,0
BRDA:38,4,0,0
BRDA:38,4,1,0
BRDA:68,5,0,0
BRDA:68,5,1,0
BRDA:81,6,0,0
BRDA:81,6,1,0
BRDA:82,7,0,0
BRDA:82,7,1,0
BRDA:83,8,0,0
BRDA:83,8,1,0
BRDA:84,9,0,0
BRDA:84,9,1,0
BRDA:85,10,0,0
BRDA:85,10,1,0
BRDA:98,11,0,0
BRDA:98,11,1,0
BRDA:99,12,0,0
BRDA:99,12,1,0
BRDA:100,13,0,0
BRDA:100,13,1,0
BRDA:101,14,0,0
BRDA:101,14,1,0
BRDA:102,15,0,0
BRDA:102,15,1,0
BRDA:115,16,0,0
BRDA:115,16,1,0
BRDA:116,17,0,0
BRDA:116,17,1,0
BRDA:117,18,0,0
BRDA:117,18,1,0
BRDA:118,19,0,0
BRDA:118,19,1,0
BRDA:119,20,0,0
BRDA:119,20,1,0
BRDA:132,21,0,0
BRDA:132,21,1,0
BRDA:133,22,0,0
BRDA:133,22,1,0
BRDA:134,23,0,0
BRDA:134,23,1,0
BRDA:135,24,0,0
BRDA:135,24,1,0
BRDA:136,25,0,0
BRDA:136,25,1,0
BRDA:149,26,0,0
BRDA:149,26,1,0
BRDA:150,27,0,0
BRDA:150,27,1,0
BRDA:151,28,0,0
BRDA:151,28,1,0
BRDA:152,29,0,0
BRDA:152,29,1,0
BRDA:153,30,0,0
BRDA:153,30,1,0
BRDA:176,31,0,0
BRDA:176,31,1,0
BRDA:177,32,0,0
BRDA:177,32,1,0
BRDA:178,33,0,0
BRDA:178,33,1,0
BRDA:179,34,0,0
BRDA:179,34,1,0
BRDA:180,35,0,0
BRDA:180,35,1,0
BRDA:181,36,0,0
BRDA:181,36,1,0
BRDA:182,37,0,0
BRDA:182,37,1,0
BRDA:183,38,0,0
BRDA:183,38,1,0
BRDA:186,39,0,0
BRDA:186,39,1,0
BRDA:187,40,0,0
BRDA:187,40,1,0
BRDA:188,41,0,0
BRDA:188,41,1,0
BRDA:189,42,0,0
BRDA:189,42,1,0
BRDA:190,43,0,0
BRDA:190,43,1,0
BRDA:191,44,0,0
BRDA:191,44,1,0
BRDA:192,45,0,0
BRDA:192,45,1,0
BRDA:193,46,0,0
BRDA:193,46,1,0
BRDA:196,47,0,0
BRDA:196,47,1,0
BRDA:197,48,0,0
BRDA:197,48,1,0
BRDA:198,49,0,0
BRDA:198,49,1,0
BRDA:199,50,0,0
BRDA:199,50,1,0
BRDA:200,51,0,0
BRDA:200,51,1,0
BRDA:201,52,0,0
BRDA:201,52,1,0
BRDA:202,53,0,0
BRDA:202,53,1,0
BRDA:203,54,0,0
BRDA:203,54,1,0
BRDA:206,55,0,0
BRDA:206,55,1,0
BRDA:207,56,0,0
BRDA:207,56,1,0
BRDA:208,57,0,0
BRDA:208,57,1,0
BRDA:209,58,0,0
BRDA:209,58,1,0
BRDA:210,59,0,0
BRDA:210,59,1,0
BRDA:211,60,0,0
BRDA:211,60,1,0
BRDA:212,61,0,0
BRDA:212,61,1,0
BRDA:213,62,0,0
BRDA:213,62,1,0
BRDA:216,63,0,0
BRDA:216,63,1,0
BRDA:217,64,0,0
BRDA:217,64,1,0
BRDA:218,65,0,0
BRDA:218,65,1,0
BRDA:219,66,0,0
BRDA:219,66,1,0
BRDA:220,67,0,0
BRDA:220,67,1,0
BRDA:221,68,0,0
BRDA:221,68,1,0
BRDA:222,69,0,0
BRDA:222,69,1,0
BRDA:223,70,0,0
BRDA:223,70,1,0
BRDA:226,71,0,0
BRDA:226,71,1,0
BRDA:227,72,0,0
BRDA:227,72,1,0
BRDA:228,73,0,0
BRDA:228,73,1,0
BRDA:229,74,0,0
BRDA:229,74,1,0
BRDA:230,75,0,0
BRDA:230,75,1,0
BRDA:231,76,0,0
BRDA:231,76,1,0
BRDA:232,77,0,0
BRDA:232,77,1,0
BRDA:233,78,0,0
BRDA:233,78,1,0
BRDA:255,79,0,0
BRDA:265,80,0,0
BRDA:270,81,0,0
BRDA:277,82,0,0
BRDA:285,83,0,0
BRDA:285,83,1,0
BRDA:286,84,0,0
BRDA:286,84,1,0
BRDA:287,85,0,0
BRDA:287,85,1,0
BRDA:288,86,0,0
BRDA:288,86,1,0
BRDA:289,87,0,0
BRDA:289,87,1,0
BRDA:312,88,0,0
BRDA:312,88,1,0
BRDA:318,89,0,0
BRDA:318,89,1,0
BRDA:332,90,0,0
BRDA:332,90,1,0
BRDA:359,91,0,0
BRDA:359,91,1,0
BRDA:373,92,0,0
BRDA:373,92,1,0
BRDA:380,93,0,0
BRDA:380,93,1,0
BRDA:398,94,0,0
BRDA:416,95,0,0
BRF:186
BRH:0
end_of_record
TN:
SF:src/contracts/abis/index.ts
FN:22,loadABI
FN:48,loadABIs
FN:64,getABI
FNF:3
FNH:0
FNDA:0,loadABI
FNDA:0,loadABIs
FNDA:0,getABI
DA:8,0
DA:9,0
DA:17,0
DA:22,0
DA:23,0
DA:24,0
DA:26,0
DA:27,0
DA:28,0
DA:31,0
DA:32,0
DA:34,0
DA:40,0
DA:41,0
DA:48,0
DA:49,0
DA:51,0
DA:52,0
DA:53,0
DA:54,0
DA:58,0
DA:64,0
DA:65,0
DA:66,0
DA:70,0
DA:71,0
DA:72,0
DA:73,0
DA:74,0
DA:75,0
DA:76,0
DA:77,0
DA:78,0
DA:79,0
DA:80,0
LF:35
LH:0
BRDA:26,0,0,0
BRDA:35,1,0,0
BRDA:35,1,1,0
BRDA:36,2,0,0
BRDA:36,2,1,0
BRDA:37,3,0,0
BRDA:37,3,1,0
BRDA:53,4,0,0
BRDA:66,5,0,0
BRDA:66,5,1,0
BRF:10
BRH:0
end_of_record
TN:
SF:src/contracts/addresses/testnet.ts
FN:44,getContractAddresses
FNF:1
FNH:0
FNDA:0,getContractAddresses
DA:8,0
DA:26,0
DA:44,0
DA:45,0
DA:46,0
LF:5
LH:0
BRDA:20,0,0,0
BRDA:20,0,1,0
BRDA:28,1,0,0
BRDA:28,1,1,0
BRDA:29,2,0,0
BRDA:29,2,1,0
BRDA:30,3,0,0
BRDA:30,3,1,0
BRDA:33,4,0,0
BRDA:33,4,1,0
BRDA:34,5,0,0
BRDA:34,5,1,0
BRDA:35,6,0,0
BRDA:35,6,1,0
BRDA:38,7,0,0
BRDA:38,7,1,0
BRDA:41,8,0,0
BRDA:41,8,1,0
BRDA:45,9,0,0
BRDA:45,9,1,0
BRDA:46,10,0,0
BRDA:46,10,1,0
BRF:22
BRH:0
end_of_record
TN:
SF:src/controllers/financial-controller.ts
FN:16,(anonymous_0)
FN:20,(anonymous_1)
FN:41,(anonymous_2)
FN:71,(anonymous_3)
FN:97,(anonymous_4)
FN:124,(anonymous_5)
FN:145,(anonymous_6)
FN:176,(anonymous_7)
FN:206,(anonymous_8)
FN:252,(anonymous_9)
FN:274,(anonymous_10)
FN:305,(anonymous_11)
FN:343,(anonymous_12)
FN:370,(anonymous_13)
FN:394,(anonymous_14)
FN:420,(anonymous_15)
FN:441,(anonymous_16)
FN:462,(anonymous_17)
FNF:18
FNH:0
FNDA:0,(anonymous_0)
FNDA:0,(anonymous_1)
FNDA:0,(anonymous_2)
FNDA:0,(anonymous_3)
FNDA:0,(anonymous_4)
FNDA:0,(anonymous_5)
FNDA:0,(anonymous_6)
FNDA:0,(anonymous_7)
FNDA:0,(anonymous_8)
FNDA:0,(anonymous_9)
FNDA:0,(anonymous_10)
FNDA:0,(anonymous_11)
FNDA:0,(anonymous_12)
FNDA:0,(anonymous_13)
FNDA:0,(anonymous_14)
FNDA:0,(anonymous_15)
FNDA:0,(anonymous_16)
FNDA:0,(anonymous_17)
DA:10,0
DA:13,0
DA:17,0
DA:21,0
DA:22,0
DA:23,0
DA:24,0
DA:25,0
DA:27,0
DA:30,0
DA:31,0
DA:35,0
DA:38,0
DA:41,0
DA:59,0
DA:60,0
DA:62,0
DA:63,0
DA:72,0
DA:73,0
DA:74,0
DA:75,0
DA:76,0
DA:78,0
DA:79,0
DA:81,0
DA:82,0
DA:89,0
DA:90,0
DA:98,0
DA:99,0
DA:100,0
DA:101,0
DA:102,0
DA:104,0
DA:106,0
DA:107,0
DA:111,0
DA:114,0
DA:116,0
DA:117,0
DA:125,0
DA:126,0
DA:127,0
DA:128,0
DA:129,0
DA:131,0
DA:132,0
DA:137,0
DA:138,0
DA:146,0
DA:147,0
DA:148,0
DA:149,0
DA:150,0
DA:152,0
DA:154,0
DA:155,0
DA:159,0
DA:162,0
DA:168,0
DA:169,0
DA:177,0
DA:178,0
DA:179,0
DA:180,0
DA:181,0
DA:183,0
DA:185,0
DA:186,0
DA:190,0
DA:193,0
DA:198,0
DA:199,0
DA:207,0
DA:208,0
DA:209,0
DA:210,0
DA:211,0
DA:213,0
DA:215,0
DA:216,0
DA:220,0
DA:223,0
DA:233,0
DA:234,0
DA:236,0
DA:237,0
DA:238,0
DA:242,0
DA:244,0
DA:253,0
DA:254,0
DA:255,0
DA:256,0
DA:257,0
DA:259,0
DA:260,0
DA:261,0
DA:266,0
DA:267,0
DA:275,0
DA:276,0
DA:277,0
DA:278,0
DA:279,0
DA:281,0
DA:282,0
DA:283,0
DA:288,0
DA:289,0
DA:290,0
DA:294,0
DA:296,0
DA:306,0
DA:307,0
DA:308,0
DA:309,0
DA:310,0
DA:312,0
DA:314,0
DA:315,0
DA:319,0
DA:323,0
DA:324,0
DA:325,0
DA:327,0
DA:328,0
DA:329,0
DA:334,0
DA:344,0
DA:345,0
DA:346,0
DA:347,0
DA:348,0
DA:350,0
DA:352,0
DA:353,0
DA:357,0
DA:360,0
DA:362,0
DA:363,0
DA:371,0
DA:372,0
DA:373,0
DA:374,0
DA:375,0
DA:377,0
DA:378,0
DA:379,0
DA:386,0
DA:387,0
DA:395,0
DA:396,0
DA:397,0
DA:398,0
DA:399,0
DA:401,0
DA:402,0
DA:407,0
DA:408,0
DA:412,0
DA:413,0
DA:421,0
DA:422,0
DA:423,0
DA:424,0
DA:425,0
DA:426,0
DA:428,0
DA:429,0
DA:430,0
DA:431,0
DA:433,0
DA:434,0
DA:442,0
DA:443,0
DA:444,0
DA:445,0
DA:446,0
DA:448,0
DA:449,0
DA:454,0
DA:455,0
DA:463,0
DA:464,0
DA:465,0
DA:466,0
DA:467,0
DA:469,0
DA:470,0
DA:471,0
DA:472,0
DA:474,0
DA:475,0
LF:195
LH:0
BRDA:23,0,0,0
BRDA:30,1,0,0
BRDA:30,2,0,0
BRDA:30,2,1,0
BRDA:30,2,2,0
BRDA:40,3,0,0
BRDA:40,3,1,0
BRDA:52,4,0,0
BRDA:52,4,1,0
BRDA:74,5,0,0
BRDA:78,6,0,0
BRDA:78,6,1,0
BRDA:79,7,0,0
BRDA:79,7,1,0
BRDA:100,8,0,0
BRDA:106,9,0,0
BRDA:127,10,0,0
BRDA:148,11,0,0
BRDA:154,12,0,0
BRDA:179,13,0,0
BRDA:185,14,0,0
BRDA:209,15,0,0
BRDA:215,16,0,0
BRDA:215,17,0,0
BRDA:215,17,1,0
BRDA:215,17,2,0
BRDA:227,18,0,0
BRDA:227,18,1,0
BRDA:229,19,0,0
BRDA:229,19,1,0
BRDA:237,20,0,0
BRDA:255,21,0,0
BRDA:277,22,0,0
BRDA:289,23,0,0
BRDA:308,24,0,0
BRDA:314,25,0,0
BRDA:328,26,0,0
BRDA:328,26,1,0
BRDA:328,27,0,0
BRDA:328,27,1,0
BRDA:346,28,0,0
BRDA:352,29,0,0
BRDA:373,30,0,0
BRDA:397,31,0,0
BRDA:405,32,0,0
BRDA:405,32,1,0
BRDA:424,33,0,0
BRDA:424,34,0,0
BRDA:424,34,1,0
BRDA:444,35,0,0
BRDA:465,36,0,0
BRF:51
BRH:0
end_of_record
TN:
SF:src/controllers/key-management-controller.ts
FN:71,(anonymous_9)
FN:83,(anonymous_10)
FN:98,(anonymous_11)
FN:118,(anonymous_12)
FN:127,(anonymous_13)
FN:232,(anonymous_14)
FN:334,(anonymous_15)
FN:411,(anonymous_16)
FN:519,(anonymous_17)
FN:572,(anonymous_18)
FN:615,(anonymous_19)
FN:663,(anonymous_20)
FN:726,(anonymous_21)
FN:742,(anonymous_22)
FN:743,(anonymous_23)
FN:746,(anonymous_24)
FN:752,(anonymous_25)
FN:783,(anonymous_26)
FN:829,(anonymous_27)
FN:830,(anonymous_28)
FN:852,(anonymous_29)
FNF:21
FNH:0
FNDA:0,(anonymous_9)
FNDA:0,(anonymous_10)
FNDA:0,(anonymous_11)
FNDA:0,(anonymous_12)
FNDA:0,(anonymous_13)
FNDA:0,(anonymous_14)
FNDA:0,(anonymous_15)
FNDA:0,(anonymous_16)
FNDA:0,(anonymous_17)
FNDA:0,(anonymous_18)
FNDA:0,(anonymous_19)
FNDA:0,(anonymous_20)
FNDA:0,(anonymous_21)
FNDA:0,(anonymous_22)
FNDA:0,(anonymous_23)
FNDA:0,(anonymous_24)
FNDA:0,(anonymous_25)
FNDA:0,(anonymous_26)
FNDA:0,(anonymous_27)
FNDA:0,(anonymous_28)
FNDA:0,(anonymous_29)
DA:18,0
DA:19,0
DA:20,0
DA:57,0
DA:58,0
DA:61,0
DA:67,0
DA:72,0
DA:73,0
DA:74,0
DA:75,0
DA:76,0
DA:77,0
DA:84,0
DA:85,0
DA:86,0
DA:87,0
DA:88,0
DA:89,0
DA:90,0
DA:91,0
DA:92,0
DA:99,0
DA:108,0
DA:111,0
DA:112,0
DA:113,0
DA:118,0
DA:128,0
DA:129,0
DA:130,0
DA:131,0
DA:132,0
DA:134,0
DA:135,0
DA:137,0
DA:140,0
DA:143,0
DA:144,0
DA:147,0
DA:148,0
DA:149,0
DA:151,0
DA:156,0
DA:158,0
DA:162,0
DA:163,0
DA:166,0
DA:189,0
DA:192,0
DA:199,0
DA:202,0
DA:219,0
DA:220,0
DA:233,0
DA:234,0
DA:235,0
DA:236,0
DA:242,0
DA:244,0
DA:245,0
DA:247,0
DA:250,0
DA:251,0
DA:252,0
DA:258,0
DA:261,0
DA:262,0
DA:268,0
DA:273,0
DA:274,0
DA:275,0
DA:276,0
DA:281,0
DA:283,0
DA:287,0
DA:288,0
DA:291,0
DA:292,0
DA:293,0
DA:294,0
DA:295,0
DA:296,0
DA:297,0
DA:300,0
DA:306,0
DA:308,0
DA:321,0
DA:322,0
DA:335,0
DA:336,0
DA:337,0
DA:338,0
DA:344,0
DA:346,0
DA:347,0
DA:349,0
DA:352,0
DA:353,0
DA:354,0
DA:360,0
DA:363,0
DA:364,0
DA:370,0
DA:374,0
DA:375,0
DA:376,0
DA:379,0
DA:384,0
DA:386,0
DA:398,0
DA:399,0
DA:412,0
DA:413,0
DA:414,0
DA:415,0
DA:416,0
DA:418,0
DA:419,0
DA:421,0
DA:422,0
DA:428,0
DA:431,0
DA:434,0
DA:436,0
DA:438,0
DA:439,0
DA:440,0
DA:446,0
DA:449,0
DA:450,0
DA:456,0
DA:459,0
DA:460,0
DA:461,0
DA:467,0
DA:471,0
DA:474,0
DA:475,0
DA:478,0
DA:481,0
DA:482,0
DA:486,0
DA:487,0
DA:488,0
DA:489,0
DA:490,0
DA:491,0
DA:493,0
DA:495,0
DA:506,0
DA:507,0
DA:520,0
DA:521,0
DA:522,0
DA:523,0
DA:524,0
DA:526,0
DA:529,0
DA:532,0
DA:533,0
DA:534,0
DA:537,0
DA:538,0
DA:539,0
DA:542,0
DA:543,0
DA:545,0
DA:546,0
DA:547,0
DA:548,0
DA:550,0
DA:559,0
DA:560,0
DA:573,0
DA:574,0
DA:575,0
DA:576,0
DA:577,0
DA:579,0
DA:581,0
DA:584,0
DA:589,0
DA:591,0
DA:602,0
DA:603,0
DA:616,0
DA:617,0
DA:618,0
DA:619,0
DA:620,0
DA:622,0
DA:624,0
DA:627,0
DA:632,0
DA:639,0
DA:650,0
DA:651,0
DA:664,0
DA:665,0
DA:666,0
DA:667,0
DA:673,0
DA:675,0
DA:677,0
DA:678,0
DA:679,0
DA:685,0
DA:689,0
DA:691,0
DA:713,0
DA:714,0
DA:727,0
DA:728,0
DA:729,0
DA:730,0
DA:736,0
DA:738,0
DA:741,0
DA:742,0
DA:743,0
DA:746,0
DA:748,0
DA:752,0
DA:770,0
DA:771,0
DA:784,0
DA:785,0
DA:786,0
DA:787,0
DA:788,0
DA:791,0
DA:792,0
DA:793,0
DA:795,0
DA:796,0
DA:799,0
DA:800,0
DA:801,0
DA:803,0
DA:812,0
DA:814,0
DA:815,0
DA:817,0
DA:818,0
DA:820,0
DA:824,0
DA:829,0
DA:830,0
DA:839,0
DA:840,0
DA:853,0
DA:854,0
DA:855,0
DA:856,0
DA:857,0
DA:861,0
DA:862,0
DA:863,0
DA:864,0
DA:865,0
DA:866,0
DA:867,0
DA:869,0
DA:871,0
DA:872,0
DA:874,0
DA:877,0
DA:878,0
DA:881,0
DA:883,0
DA:884,0
DA:886,0
DA:887,0
DA:889,0
DA:890,0
DA:892,0
DA:893,0
DA:897,0
DA:900,0
DA:904,0
DA:906,0
DA:930,0
DA:931,0
LF:284
LH:0
BRDA:62,0,0,0
BRDA:62,0,1,0
BRDA:116,1,0,0
BRDA:116,1,1,0
BRDA:130,2,0,0
BRDA:135,3,0,0
BRDA:135,3,1,0
BRDA:143,4,0,0
BRDA:143,4,1,0
BRDA:144,5,0,0
BRDA:144,5,1,0
BRDA:147,6,0,0
BRDA:147,6,1,0
BRDA:149,7,0,0
BRDA:149,7,1,0
BRDA:152,8,0,0
BRDA:152,8,1,0
BRDA:171,9,0,0
BRDA:171,9,1,0
BRDA:176,10,0,0
BRDA:176,10,1,0
BRDA:181,11,0,0
BRDA:181,11,1,0
BRDA:235,12,0,0
BRDA:245,13,0,0
BRDA:245,13,1,0
BRDA:245,13,2,0
BRDA:251,14,0,0
BRDA:261,15,0,0
BRDA:273,16,0,0
BRDA:273,16,1,0
BRDA:275,17,0,0
BRDA:275,17,1,0
BRDA:277,18,0,0
BRDA:277,18,1,0
BRDA:337,19,0,0
BRDA:347,20,0,0
BRDA:347,20,1,0
BRDA:347,20,2,0
BRDA:353,21,0,0
BRDA:363,22,0,0
BRDA:380,23,0,0
BRDA:380,23,1,0
BRDA:392,24,0,0
BRDA:392,24,1,0
BRDA:414,25,0,0
BRDA:419,26,0,0
BRDA:419,26,1,0
BRDA:421,27,0,0
BRDA:436,28,0,0
BRDA:436,28,1,0
BRDA:439,29,0,0
BRDA:449,30,0,0
BRDA:459,31,0,0
BRDA:459,32,0,0
BRDA:459,32,1,0
BRDA:522,33,0,0
BRDA:533,34,0,0
BRDA:575,35,0,0
BRDA:585,36,0,0
BRDA:585,36,1,0
BRDA:595,37,0,0
BRDA:595,37,1,0
BRDA:618,38,0,0
BRDA:628,39,0,0
BRDA:628,39,1,0
BRDA:643,40,0,0
BRDA:643,40,1,0
BRDA:666,41,0,0
BRDA:675,42,0,0
BRDA:675,42,1,0
BRDA:678,43,0,0
BRDA:701,44,0,0
BRDA:701,44,1,0
BRDA:704,45,0,0
BRDA:704,45,1,0
BRDA:705,46,0,0
BRDA:705,46,1,0
BRDA:707,47,0,0
BRDA:707,47,1,0
BRDA:729,48,0,0
BRDA:738,49,0,0
BRDA:738,50,0,0
BRDA:786,51,0,0
BRDA:791,52,0,0
BRDA:800,53,0,0
BRDA:801,54,0,0
BRDA:812,55,0,0
BRDA:812,55,1,0
BRDA:814,56,0,0
BRDA:818,57,0,0
BRDA:855,58,0,0
BRDA:872,59,0,0
BRDA:877,60,0,0
BRDA:877,61,0,0
BRDA:877,61,1,0
BRDA:877,61,2,0
BRDA:881,62,0,0
BRDA:881,62,1,0
BRDA:881,62,2,0
BRDA:881,62,3,0
BRDA:897,63,0,0
BRDA:897,63,1,0
BRDA:900,64,0,0
BRDA:900,64,1,0
BRDA:911,65,0,0
BRDA:911,65,1,0
BRDA:919,66,0,0
BRDA:919,66,1,0
BRDA:921,67,0,0
BRDA:921,67,1,0
BRDA:922,68,0,0
BRDA:922,68,1,0
BRDA:923,69,0,0
BRDA:923,69,1,0
BRDA:923,70,0,0
BRDA:923,70,1,0
BRF:117
BRH:0
end_of_record
TN:
SF:src/controllers/reconciliation-controller.ts
FN:99,(anonymous_0)
FN:107,(anonymous_1)
FN:136,(anonymous_2)
FN:152,(anonymous_3)
FN:175,(anonymous_4)
FN:310,(anonymous_5)
FN:346,(anonymous_6)
FN:418,(anonymous_7)
FN:442,(anonymous_8)
FN:445,(anonymous_9)
FN:542,(anonymous_10)
FN:587,(anonymous_11)
FN:659,(anonymous_12)
FN:726,(anonymous_13)
FN:738,(anonymous_14)
FN:742,(anonymous_15)
FN:745,(anonymous_16)
FN:749,(anonymous_17)
FN:778,(anonymous_18)
FN:844,(anonymous_19)
FN:895,(anonymous_20)
FN:906,(anonymous_21)
FN:911,(anonymous_22)
FN:915,(anonymous_23)
FN:918,(anonymous_24)
FN:922,(anonymous_25)
FNF:26
FNH:0
FNDA:0,(anonymous_0)
FNDA:0,(anonymous_1)
FNDA:0,(anonymous_2)
FNDA:0,(anonymous_3)
FNDA:0,(anonymous_4)
FNDA:0,(anonymous_5)
FNDA:0,(anonymous_6)
FNDA:0,(anonymous_7)
FNDA:0,(anonymous_8)
FNDA:0,(anonymous_9)
FNDA:0,(anonymous_10)
FNDA:0,(anonymous_11)
FNDA:0,(anonymous_12)
FNDA:0,(anonymous_13)
FNDA:0,(anonymous_14)
FNDA:0,(anonymous_15)
FNDA:0,(anonymous_16)
FNDA:0,(anonymous_17)
FNDA:0,(anonymous_18)
FNDA:0,(anonymous_19)
FNDA:0,(anonymous_20)
FNDA:0,(anonymous_21)
FNDA:0,(anonymous_22)
FNDA:0,(anonymous_23)
FNDA:0,(anonymous_24)
FNDA:0,(anonymous_25)
DA:15,0
DA:16,0
DA:17,0
DA:18,0
DA:19,0
DA:91,0
DA:92,0
DA:93,0
DA:95,0
DA:100,0
DA:101,0
DA:108,0
DA:109,0
DA:110,0
DA:111,0
DA:112,0
DA:115,0
DA:118,0
DA:119,0
DA:120,0
DA:123,0
DA:124,0
DA:125,0
DA:127,0
DA:128,0
DA:129,0
DA:136,0
DA:139,0
DA:140,0
DA:141,0
DA:142,0
DA:143,0
DA:144,0
DA:148,0
DA:152,0
DA:153,0
DA:155,0
DA:156,0
DA:159,0
DA:162,0
DA:170,0
DA:171,0
DA:172,0
DA:175,0
DA:177,0
DA:178,0
DA:179,0
DA:180,0
DA:182,0
DA:183,0
DA:185,0
DA:186,0
DA:197,0
DA:199,0
DA:201,0
DA:204,0
DA:212,0
DA:217,0
DA:218,0
DA:226,0
DA:230,0
DA:252,0
DA:255,0
DA:256,0
DA:257,0
DA:268,0
DA:271,0
DA:285,0
DA:293,0
DA:298,0
DA:299,0
DA:311,0
DA:312,0
DA:313,0
DA:314,0
DA:315,0
DA:317,0
DA:319,0
DA:320,0
DA:324,0
DA:327,0
DA:328,0
DA:330,0
DA:333,0
DA:334,0
DA:335,0
DA:337,0
DA:338,0
DA:339,0
DA:346,0
DA:348,0
DA:349,0
DA:350,0
DA:351,0
DA:352,0
DA:353,0
DA:357,0
DA:361,0
DA:382,0
DA:385,0
DA:386,0
DA:387,0
DA:398,0
DA:401,0
DA:406,0
DA:407,0
DA:419,0
DA:420,0
DA:421,0
DA:422,0
DA:423,0
DA:425,0
DA:427,0
DA:428,0
DA:432,0
DA:435,0
DA:436,0
DA:438,0
DA:441,0
DA:442,0
DA:444,0
DA:445,0
DA:452,0
DA:458,0
DA:459,0
DA:461,0
DA:463,0
DA:466,0
DA:468,0
DA:471,0
DA:473,0
DA:476,0
DA:477,0
DA:480,0
DA:481,0
DA:483,0
DA:487,0
DA:488,0
DA:490,0
DA:496,0
DA:499,0
DA:500,0
DA:502,0
DA:503,0
DA:505,0
DA:509,0
DA:518,0
DA:525,0
DA:530,0
DA:531,0
DA:543,0
DA:544,0
DA:545,0
DA:546,0
DA:547,0
DA:551,0
DA:553,0
DA:555,0
DA:570,0
DA:575,0
DA:576,0
DA:588,0
DA:589,0
DA:590,0
DA:591,0
DA:592,0
DA:604,0
DA:607,0
DA:609,0
DA:610,0
DA:626,0
DA:627,0
DA:628,0
DA:629,0
DA:630,0
DA:631,0
DA:632,0
DA:633,0
DA:634,0
DA:637,0
DA:639,0
DA:641,0
DA:647,0
DA:648,0
DA:660,0
DA:661,0
DA:662,0
DA:663,0
DA:664,0
DA:667,0
DA:669,0
DA:670,0
DA:674,0
DA:678,0
DA:679,0
DA:680,0
DA:684,0
DA:687,0
DA:701,0
DA:703,0
DA:705,0
DA:714,0
DA:715,0
DA:727,0
DA:728,0
DA:729,0
DA:730,0
DA:731,0
DA:734,0
DA:737,0
DA:738,0
DA:741,0
DA:742,0
DA:744,0
DA:745,0
DA:749,0
DA:758,0
DA:766,0
DA:767,0
DA:779,0
DA:780,0
DA:782,0
DA:783,0
DA:787,0
DA:790,0
DA:791,0
DA:792,0
DA:796,0
DA:799,0
DA:800,0
DA:804,0
DA:807,0
DA:810,0
DA:811,0
DA:812,0
DA:814,0
DA:815,0
DA:816,0
DA:818,0
DA:820,0
DA:832,0
DA:833,0
DA:845,0
DA:846,0
DA:848,0
DA:849,0
DA:853,0
DA:856,0
DA:857,0
DA:858,0
DA:862,0
DA:865,0
DA:866,0
DA:870,0
DA:874,0
DA:876,0
DA:878,0
DA:883,0
DA:884,0
DA:896,0
DA:897,0
DA:898,0
DA:899,0
DA:900,0
DA:903,0
DA:905,0
DA:906,0
DA:909,0
DA:910,0
DA:911,0
DA:913,0
DA:914,0
DA:915,0
DA:917,0
DA:918,0
DA:922,0
DA:925,0
DA:926,0
DA:928,0
DA:941,0
DA:942,0
LF:281
LH:0
BRDA:110,0,0,0
BRDA:140,1,0,0
BRDA:140,1,1,0
BRDA:141,2,0,0
BRDA:141,2,1,0
BRDA:141,3,0,0
BRDA:141,3,1,0
BRDA:143,4,0,0
BRDA:143,5,0,0
BRDA:143,5,1,0
BRDA:152,6,0,0
BRDA:152,6,1,0
BRDA:175,7,0,0
BRDA:175,7,1,0
BRDA:178,8,0,0
BRDA:178,8,1,0
BRDA:179,9,0,0
BRDA:179,9,1,0
BRDA:179,10,0,0
BRDA:179,10,1,0
BRDA:182,11,0,0
BRDA:182,11,1,0
BRDA:183,12,0,0
BRDA:183,12,1,0
BRDA:185,13,0,0
BRDA:185,13,1,0
BRDA:208,14,0,0
BRDA:208,14,1,0
BRDA:222,15,0,0
BRDA:222,15,1,0
BRDA:264,16,0,0
BRDA:264,16,1,0
BRDA:274,17,0,0
BRDA:274,17,1,0
BRDA:313,18,0,0
BRDA:319,19,0,0
BRDA:319,20,0,0
BRDA:319,20,1,0
BRDA:349,21,0,0
BRDA:349,21,1,0
BRDA:350,22,0,0
BRDA:350,22,1,0
BRDA:350,23,0,0
BRDA:350,23,1,0
BRDA:352,24,0,0
BRDA:352,25,0,0
BRDA:352,25,1,0
BRDA:394,26,0,0
BRDA:394,26,1,0
BRDA:421,27,0,0
BRDA:427,28,0,0
BRDA:427,29,0,0
BRDA:427,29,1,0
BRDA:442,30,0,0
BRDA:442,30,1,0
BRDA:444,31,0,0
BRDA:444,32,0,0
BRDA:444,32,1,0
BRDA:444,32,2,0
BRDA:463,33,0,0
BRDA:463,33,1,0
BRDA:463,33,2,0
BRDA:463,33,3,0
BRDA:463,33,4,0
BRDA:545,34,0,0
BRDA:553,35,0,0
BRDA:590,36,0,0
BRDA:609,37,0,0
BRDA:626,38,0,0
BRDA:627,39,0,0
BRDA:628,40,0,0
BRDA:629,41,0,0
BRDA:630,42,0,0
BRDA:631,43,0,0
BRDA:632,44,0,0
BRDA:633,45,0,0
BRDA:662,46,0,0
BRDA:669,47,0,0
BRDA:669,48,0,0
BRDA:669,48,1,0
BRDA:679,49,0,0
BRDA:692,50,0,0
BRDA:692,50,1,0
BRDA:695,51,0,0
BRDA:695,51,1,0
BRDA:710,52,0,0
BRDA:710,52,1,0
BRDA:729,53,0,0
BRDA:741,54,0,0
BRDA:744,55,0,0
BRDA:753,56,0,0
BRDA:753,56,1,0
BRDA:782,57,0,0
BRDA:782,58,0,0
BRDA:782,58,1,0
BRDA:791,59,0,0
BRDA:799,60,0,0
BRDA:810,61,0,0
BRDA:811,62,0,0
BRDA:814,63,0,0
BRDA:815,64,0,0
BRDA:827,65,0,0
BRDA:827,65,1,0
BRDA:848,66,0,0
BRDA:848,67,0,0
BRDA:848,67,1,0
BRDA:857,68,0,0
BRDA:865,69,0,0
BRDA:898,70,0,0
BRDA:903,71,0,0
BRDA:903,72,0,0
BRDA:909,73,0,0
BRDA:913,74,0,0
BRDA:917,75,0,0
BRF:114
BRH:0
end_of_record
TN:
SF:src/controllers/reporting-controller.ts
FN:14,(anonymous_0)
FN:21,(anonymous_1)
FN:62,(anonymous_2)
FN:104,(anonymous_3)
FN:145,(anonymous_4)
FN:176,(anonymous_5)
FNF:6
FNH:0
FNDA:0,(anonymous_0)
FNDA:0,(anonymous_1)
FNDA:0,(anonymous_2)
FNDA:0,(anonymous_3)
FNDA:0,(anonymous_4)
FNDA:0,(anonymous_5)
DA:8,0
DA:9,0
DA:11,0
DA:15,0
DA:22,0
DA:23,0
DA:24,0
DA:25,0
DA:26,0
DA:28,0
DA:30,0
DA:31,0
DA:35,0
DA:38,0
DA:39,0
DA:45,0
DA:50,0
DA:51,0
DA:63,0
DA:64,0
DA:65,0
DA:66,0
DA:67,0
DA:69,0
DA:71,0
DA:72,0
DA:76,0
DA:79,0
DA:80,0
DA:87,0
DA:92,0
DA:93,0
DA:105,0
DA:106,0
DA:107,0
DA:108,0
DA:109,0
DA:111,0
DA:113,0
DA:114,0
DA:118,0
DA:121,0
DA:122,0
DA:128,0
DA:133,0
DA:134,0
DA:146,0
DA:147,0
DA:148,0
DA:149,0
DA:150,0
DA:152,0
DA:154,0
DA:155,0
DA:159,0
DA:162,0
DA:164,0
DA:165,0
DA:177,0
DA:178,0
DA:179,0
DA:180,0
DA:181,0
DA:183,0
DA:185,0
DA:192,0
DA:199,0
DA:200,0
LF:68
LH:0
BRDA:24,0,0,0
BRDA:30,1,0,0
BRDA:38,2,0,0
BRDA:38,2,1,0
BRDA:65,3,0,0
BRDA:71,4,0,0
BRDA:71,5,0,0
BRDA:71,5,1,0
BRDA:79,6,0,0
BRDA:79,6,1,0
BRDA:107,7,0,0
BRDA:113,8,0,0
BRDA:121,9,0,0
BRDA:121,9,1,0
BRDA:148,10,0,0
BRDA:154,11,0,0
BRDA:179,12,0,0
BRDA:183,13,0,0
BRDA:183,14,0,0
BRF:19
BRH:0
end_of_record
TN:
SF:src/controllers/transaction-controller.ts
FN:14,(anonymous_0)
FN:21,(anonymous_1)
FN:55,(anonymous_2)
FN:92,(anonymous_3)
FN:128,(anonymous_4)
FNF:5
FNH:0
FNDA:0,(anonymous_0)
FNDA:0,(anonymous_1)
FNDA:0,(anonymous_2)
FNDA:0,(anonymous_3)
FNDA:0,(anonymous_4)
DA:8,0
DA:9,0
DA:11,0
DA:15,0
DA:22,0
DA:23,0
DA:24,0
DA:37,0
DA:38,0
DA:43,0
DA:44,0
DA:56,0
DA:57,0
DA:58,0
DA:59,0
DA:60,0
DA:62,0
DA:63,0
DA:64,0
DA:65,0
DA:67,0
DA:75,0
DA:80,0
DA:81,0
DA:93,0
DA:94,0
DA:95,0
DA:96,0
DA:97,0
DA:99,0
DA:101,0
DA:102,0
DA:106,0
DA:109,0
DA:110,0
DA:112,0
DA:116,0
DA:117,0
DA:129,0
DA:130,0
DA:131,0
DA:132,0
DA:133,0
DA:135,0
DA:136,0
DA:138,0
DA:139,0
LF:47
LH:0
BRDA:27,0,0,0
BRDA:27,0,1,0
BRDA:28,1,0,0
BRDA:28,1,1,0
BRDA:58,2,0,0
BRDA:63,3,0,0
BRDA:63,3,1,0
BRDA:63,3,2,0
BRDA:64,4,0,0
BRDA:64,4,1,0
BRDA:65,5,0,0
BRDA:65,5,1,0
BRDA:71,6,0,0
BRDA:71,6,1,0
BRDA:95,7,0,0
BRDA:101,8,0,0
BRDA:109,9,0,0
BRDA:109,9,1,0
BRDA:109,9,2,0
BRDA:131,10,0,0
BRF:20
BRH:0
end_of_record
TN:
SF:src/controllers/wallet-infrastructure-controller.ts
FN:93,(anonymous_1)
FN:230,(anonymous_2)
FN:254,(anonymous_3)
FN:270,(anonymous_4)
FN:274,(anonymous_5)
FN:279,(anonymous_6)
FN:282,(anonymous_7)
FN:285,(anonymous_8)
FN:295,(anonymous_9)
FN:303,(anonymous_10)
FN:328,(anonymous_11)
FN:407,(anonymous_12)
FN:487,(anonymous_13)
FN:562,(anonymous_14)
FN:589,(anonymous_15)
FN:597,(anonymous_16)
FN:600,(anonymous_17)
FN:604,(anonymous_18)
FN:608,(anonymous_19)
FN:612,(anonymous_20)
FN:645,(anonymous_21)
FN:852,(anonymous_22)
FN:889,(anonymous_23)
FN:937,(anonymous_24)
FN:989,(anonymous_25)
FN:1057,(anonymous_26)
FN:1098,(anonymous_27)
FN:1201,(anonymous_28)
FN:1217,(anonymous_29)
FNF:29
FNH:0
FNDA:0,(anonymous_1)
FNDA:0,(anonymous_2)
FNDA:0,(anonymous_3)
FNDA:0,(anonymous_4)
FNDA:0,(anonymous_5)
FNDA:0,(anonymous_6)
FNDA:0,(anonymous_7)
FNDA:0,(anonymous_8)
FNDA:0,(anonymous_9)
FNDA:0,(anonymous_10)
FNDA:0,(anonymous_11)
FNDA:0,(anonymous_12)
FNDA:0,(anonymous_13)
FNDA:0,(anonymous_14)
FNDA:0,(anonymous_15)
FNDA:0,(anonymous_16)
FNDA:0,(anonymous_17)
FNDA:0,(anonymous_18)
FNDA:0,(anonymous_19)
FNDA:0,(anonymous_20)
FNDA:0,(anonymous_21)
FNDA:0,(anonymous_22)
FNDA:0,(anonymous_23)
FNDA:0,(anonymous_24)
FNDA:0,(anonymous_25)
FNDA:0,(anonymous_26)
FNDA:0,(anonymous_27)
FNDA:0,(anonymous_28)
FNDA:0,(anonymous_29)
DA:16,0
DA:17,0
DA:18,0
DA:19,0
DA:20,0
DA:83,0
DA:84,0
DA:85,0
DA:86,0
DA:88,0
DA:94,0
DA:95,0
DA:96,0
DA:98,0
DA:99,0
DA:104,0
DA:107,0
DA:109,0
DA:112,0
DA:113,0
DA:117,0
DA:118,0
DA:125,0
DA:127,0
DA:130,0
DA:150,0
DA:151,0
DA:152,0
DA:163,0
DA:167,0
DA:168,0
DA:169,0
DA:170,0
DA:173,0
DA:175,0
DA:195,0
DA:196,0
DA:197,0
DA:202,0
DA:203,0
DA:204,0
DA:205,0
DA:221,0
DA:224,0
DA:226,0
DA:230,0
DA:242,0
DA:243,0
DA:255,0
DA:256,0
DA:257,0
DA:259,0
DA:260,0
DA:265,0
DA:269,0
DA:270,0
DA:273,0
DA:274,0
DA:278,0
DA:279,0
DA:281,0
DA:282,0
DA:284,0
DA:285,0
DA:289,0
DA:290,0
DA:291,0
DA:292,0
DA:295,0
DA:297,0
DA:301,0
DA:303,0
DA:316,0
DA:317,0
DA:329,0
DA:330,0
DA:332,0
DA:333,0
DA:338,0
DA:342,0
DA:345,0
DA:346,0
DA:347,0
DA:348,0
DA:349,0
DA:350,0
DA:353,0
DA:357,0
DA:358,0
DA:363,0
DA:367,0
DA:369,0
DA:395,0
DA:396,0
DA:408,0
DA:409,0
DA:411,0
DA:412,0
DA:417,0
DA:421,0
DA:422,0
DA:423,0
DA:424,0
DA:425,0
DA:426,0
DA:427,0
DA:430,0
DA:434,0
DA:435,0
DA:440,0
DA:444,0
DA:445,0
DA:446,0
DA:448,0
DA:449,0
DA:450,0
DA:451,0
DA:452,0
DA:454,0
DA:455,0
DA:458,0
DA:462,0
DA:475,0
DA:476,0
DA:488,0
DA:489,0
DA:490,0
DA:492,0
DA:493,0
DA:498,0
DA:501,0
DA:502,0
DA:503,0
DA:508,0
DA:512,0
DA:513,0
DA:514,0
DA:519,0
DA:522,0
DA:523,0
DA:524,0
DA:527,0
DA:528,0
DA:529,0
DA:534,0
DA:537,0
DA:539,0
DA:550,0
DA:551,0
DA:563,0
DA:564,0
DA:565,0
DA:567,0
DA:568,0
DA:573,0
DA:577,0
DA:580,0
DA:581,0
DA:582,0
DA:583,0
DA:589,0
DA:591,0
DA:596,0
DA:597,0
DA:599,0
DA:600,0
DA:602,0
DA:603,0
DA:604,0
DA:606,0
DA:607,0
DA:608,0
DA:612,0
DA:615,0
DA:616,0
DA:618,0
DA:633,0
DA:634,0
DA:646,0
DA:647,0
DA:648,0
DA:650,0
DA:651,0
DA:656,0
DA:659,0
DA:660,0
DA:665,0
DA:668,0
DA:669,0
DA:670,0
DA:675,0
DA:679,0
DA:680,0
DA:681,0
DA:686,0
DA:689,0
DA:690,0
DA:695,0
DA:699,0
DA:700,0
DA:701,0
DA:702,0
DA:707,0
DA:710,0
DA:711,0
DA:716,0
DA:721,0
DA:735,0
DA:736,0
DA:738,0
DA:742,0
DA:760,0
DA:761,0
DA:764,0
DA:765,0
DA:766,0
DA:767,0
DA:768,0
DA:769,0
DA:771,0
DA:772,0
DA:775,0
DA:776,0
DA:780,0
DA:781,0
DA:783,0
DA:784,0
DA:785,0
DA:786,0
DA:787,0
DA:788,0
DA:790,0
DA:791,0
DA:795,0
DA:796,0
DA:797,0
DA:800,0
DA:801,0
DA:802,0
DA:815,0
DA:818,0
DA:826,0
DA:840,0
DA:841,0
DA:853,0
DA:854,0
DA:871,0
DA:877,0
DA:878,0
DA:890,0
DA:891,0
DA:892,0
DA:894,0
DA:896,0
DA:912,0
DA:925,0
DA:926,0
DA:938,0
DA:939,0
DA:941,0
DA:942,0
DA:947,0
DA:951,0
DA:953,0
DA:955,0
DA:964,0
DA:977,0
DA:978,0
DA:990,0
DA:991,0
DA:997,0
DA:999,0
DA:1000,0
DA:1005,0
DA:1009,0
DA:1010,0
DA:1011,0
DA:1021,0
DA:1022,0
DA:1023,0
DA:1024,0
DA:1025,0
DA:1028,0
DA:1030,0
DA:1032,0
DA:1045,0
DA:1046,0
DA:1058,0
DA:1059,0
DA:1061,0
DA:1062,0
DA:1067,0
DA:1071,0
DA:1072,0
DA:1074,0
DA:1086,0
DA:1087,0
DA:1099,0
DA:1100,0
DA:1101,0
DA:1103,0
DA:1104,0
DA:1109,0
DA:1113,0
DA:1114,0
DA:1115,0
DA:1120,0
DA:1124,0
DA:1141,0
DA:1144,0
DA:1145,0
DA:1147,0
DA:1148,0
DA:1149,0
DA:1151,0
DA:1158,0
DA:1161,0
DA:1171,0
DA:1172,0
DA:1173,0
DA:1175,0
DA:1177,0
DA:1189,0
DA:1190,0
DA:1202,0
DA:1203,0
DA:1204,0
DA:1206,0
DA:1207,0
DA:1212,0
DA:1216,0
DA:1217,0
DA:1219,0
DA:1220,0
DA:1225,0
DA:1229,0
DA:1230,0
DA:1231,0
DA:1236,0
DA:1240,0
DA:1241,0
DA:1246,0
DA:1249,0
DA:1250,0
DA:1251,0
DA:1252,0
DA:1253,0
DA:1255,0
DA:1256,0
DA:1258,0
DA:1259,0
DA:1261,0
DA:1263,0
DA:1265,0
DA:1276,0
DA:1283,0
DA:1284,0
LF:357
LH:0
BRDA:96,0,0,0
BRDA:96,1,0,0
BRDA:98,2,0,0
BRDA:98,3,0,0
BRDA:98,3,1,0
BRDA:98,3,2,0
BRDA:167,4,0,0
BRDA:188,5,0,0
BRDA:188,5,1,0
BRDA:188,6,0,0
BRDA:188,6,1,0
BRDA:245,7,0,0
BRDA:245,7,1,0
BRDA:259,8,0,0
BRDA:273,9,0,0
BRDA:278,10,0,0
BRDA:281,11,0,0
BRDA:284,12,0,0
BRDA:289,13,0,0
BRDA:293,14,0,0
BRDA:293,14,1,0
BRDA:319,15,0,0
BRDA:319,15,1,0
BRDA:332,16,0,0
BRDA:345,17,0,0
BRDA:349,18,0,0
BRDA:357,19,0,0
BRDA:384,20,0,0
BRDA:384,20,1,0
BRDA:398,21,0,0
BRDA:398,21,1,0
BRDA:411,22,0,0
BRDA:422,23,0,0
BRDA:426,24,0,0
BRDA:434,25,0,0
BRDA:448,26,0,0
BRDA:451,27,0,0
BRDA:452,28,0,0
BRDA:452,28,1,0
BRDA:454,29,0,0
BRDA:454,29,1,0
BRDA:478,30,0,0
BRDA:478,30,1,0
BRDA:492,31,0,0
BRDA:502,32,0,0
BRDA:502,33,0,0
BRDA:502,33,1,0
BRDA:513,34,0,0
BRDA:553,35,0,0
BRDA:553,35,1,0
BRDA:565,36,0,0
BRDA:565,37,0,0
BRDA:567,38,0,0
BRDA:577,39,0,0
BRDA:577,39,1,0
BRDA:580,40,0,0
BRDA:596,41,0,0
BRDA:599,42,0,0
BRDA:602,43,0,0
BRDA:606,44,0,0
BRDA:636,45,0,0
BRDA:636,45,1,0
BRDA:650,46,0,0
BRDA:659,47,0,0
BRDA:659,48,0,0
BRDA:659,48,1,0
BRDA:669,49,0,0
BRDA:680,50,0,0
BRDA:689,51,0,0
BRDA:699,52,0,0
BRDA:701,53,0,0
BRDA:701,54,0,0
BRDA:701,54,1,0
BRDA:710,55,0,0
BRDA:726,56,0,0
BRDA:726,56,1,0
BRDA:735,57,0,0
BRDA:735,57,1,0
BRDA:738,58,0,0
BRDA:738,58,1,0
BRDA:739,59,0,0
BRDA:739,59,1,0
BRDA:740,60,0,0
BRDA:740,60,1,0
BRDA:743,61,0,0
BRDA:743,61,1,0
BRDA:747,62,0,0
BRDA:747,62,1,0
BRDA:748,63,0,0
BRDA:748,63,1,0
BRDA:749,64,0,0
BRDA:749,64,1,0
BRDA:764,65,0,0
BRDA:764,65,1,0
BRDA:767,66,0,0
BRDA:783,67,0,0
BRDA:783,67,1,0
BRDA:786,68,0,0
BRDA:795,69,0,0
BRDA:795,69,1,0
BRDA:843,70,0,0
BRDA:843,70,1,0
BRDA:880,71,0,0
BRDA:880,71,1,0
BRDA:928,72,0,0
BRDA:928,72,1,0
BRDA:941,73,0,0
BRDA:953,74,0,0
BRDA:980,75,0,0
BRDA:980,75,1,0
BRDA:999,76,0,0
BRDA:1010,77,0,0
BRDA:1021,78,0,0
BRDA:1022,79,0,0
BRDA:1023,80,0,0
BRDA:1024,81,0,0
BRDA:1048,82,0,0
BRDA:1048,82,1,0
BRDA:1061,83,0,0
BRDA:1071,84,0,0
BRDA:1071,84,1,0
BRDA:1072,85,0,0
BRDA:1072,85,1,0
BRDA:1080,86,0,0
BRDA:1080,86,1,0
BRDA:1081,87,0,0
BRDA:1081,87,1,0
BRDA:1089,88,0,0
BRDA:1089,88,1,0
BRDA:1103,89,0,0
BRDA:1114,90,0,0
BRDA:1141,91,0,0
BRDA:1141,91,1,0
BRDA:1171,92,0,0
BRDA:1171,92,1,0
BRDA:1192,93,0,0
BRDA:1192,93,1,0
BRDA:1206,94,0,0
BRDA:1206,95,0,0
BRDA:1206,95,1,0
BRDA:1216,96,0,0
BRDA:1216,96,1,0
BRDA:1219,97,0,0
BRDA:1230,98,0,0
BRDA:1240,99,0,0
BRDA:1286,100,0,0
BRDA:1286,100,1,0
BRF:147
BRH:0
end_of_record
TN:
SF:src/middleware/api-gateway.ts
FN:94,(anonymous_0)
FN:97,(anonymous_1)
FN:169,(anonymous_2)
FN:184,(anonymous_3)
FN:210,validateOrigin
FN:217,(anonymous_5)
FN:224,checkCircuitBreaker
FN:246,updateCircuitBreaker
FN:269,checkIPRateLimit
FN:290,checkUserRateLimit
FN:311,(anonymous_10)
FN:326,(anonymous_11)
FN:344,(anonymous_12)
FN:349,(anonymous_13)
FNF:14
FNH:0
FNDA:0,(anonymous_0)
FNDA:0,(anonymous_1)
FNDA:0,(anonymous_2)
FNDA:0,(anonymous_3)
FNDA:0,validateOrigin
FNDA:0,(anonymous_5)
FNDA:0,checkCircuitBreaker
FNDA:0,updateCircuitBreaker
FNDA:0,checkIPRateLimit
FNDA:0,checkUserRateLimit
FNDA:0,(anonymous_10)
FNDA:0,(anonymous_11)
FNDA:0,(anonymous_12)
FNDA:0,(anonymous_13)
DA:40,0
DA:41,0
DA:59,0
DA:79,0
DA:86,0
DA:87,0
DA:90,0
DA:91,0
DA:94,0
DA:95,0
DA:97,0
DA:98,0
DA:100,0
DA:101,0
DA:106,0
DA:110,0
DA:111,0
DA:115,0
DA:119,0
DA:120,0
DA:124,0
DA:128,0
DA:129,0
DA:131,0
DA:132,0
DA:133,0
DA:137,0
DA:139,0
DA:143,0
DA:146,0
DA:150,0
DA:151,0
DA:155,0
DA:159,0
DA:160,0
DA:165,0
DA:169,0
DA:170,0
DA:175,0
DA:176,0
DA:184,0
DA:185,0
DA:186,0
DA:189,0
DA:190,0
DA:191,0
DA:192,0
DA:193,0
DA:198,0
DA:201,0
DA:203,0
DA:204,0
DA:211,0
DA:214,0
DA:217,0
DA:218,0
DA:219,0
DA:225,0
DA:227,0
DA:229,0
DA:232,0
DA:233,0
DA:234,0
DA:235,0
DA:237,0
DA:239,0
DA:241,0
DA:247,0
DA:248,0
DA:249,0
DA:251,0
DA:252,0
DA:253,0
DA:259,0
DA:261,0
DA:262,0
DA:263,0
DA:270,0
DA:271,0
DA:272,0
DA:273,0
DA:275,0
DA:276,0
DA:277,0
DA:278,0
DA:281,0
DA:282,0
DA:285,0
DA:286,0
DA:291,0
DA:292,0
DA:293,0
DA:294,0
DA:296,0
DA:297,0
DA:298,0
DA:299,0
DA:302,0
DA:303,0
DA:306,0
DA:307,0
DA:311,0
DA:312,0
DA:322,0
DA:326,0
DA:327,0
DA:330,0
DA:331,0
DA:332,0
DA:337,0
DA:338,0
DA:339,0
DA:344,0
DA:345,0
DA:349,0
DA:350,0
LF:116
LH:0
BRDA:94,0,0,0
BRDA:100,1,0,0
BRDA:110,2,0,0
BRDA:110,3,0,0
BRDA:110,3,1,0
BRDA:119,4,0,0
BRDA:119,5,0,0
BRDA:119,5,1,0
BRDA:128,6,0,0
BRDA:129,7,0,0
BRDA:131,8,0,0
BRDA:131,8,1,0
BRDA:150,9,0,0
BRDA:150,10,0,0
BRDA:150,10,1,0
BRDA:159,11,0,0
BRDA:159,12,0,0
BRDA:159,12,1,0
BRDA:175,13,0,0
BRDA:189,14,0,0
BRDA:191,15,0,0
BRDA:191,16,0,0
BRDA:191,16,1,0
BRDA:211,17,0,0
BRDA:211,17,1,0
BRDA:214,18,0,0
BRDA:218,19,0,0
BRDA:227,20,0,0
BRDA:227,20,1,0
BRDA:227,20,2,0
BRDA:227,20,3,0
BRDA:232,21,0,0
BRDA:247,22,0,0
BRDA:247,22,1,0
BRDA:251,23,0,0
BRDA:261,24,0,0
BRDA:261,25,0,0
BRDA:261,25,1,0
BRDA:270,26,0,0
BRDA:270,26,1,0
BRDA:276,27,0,0
BRDA:276,28,0,0
BRDA:276,28,1,0
BRDA:281,29,0,0
BRDA:291,30,0,0
BRDA:291,30,1,0
BRDA:297,31,0,0
BRDA:297,32,0,0
BRDA:297,32,1,0
BRDA:302,33,0,0
BRDA:331,34,0,0
BRDA:338,35,0,0
BRF:52
BRH:0
end_of_record
TN:
SF:src/middleware/error-handler.ts
FN:55,(anonymous_10)
FN:116,(anonymous_11)
FN:125,(anonymous_12)
FN:141,(anonymous_13)
FN:172,(anonymous_14)
FN:206,(anonymous_15)
FN:210,(anonymous_16)
FN:244,(anonymous_17)
FN:271,(anonymous_18)
FN:306,(anonymous_19)
FN:326,(anonymous_20)
FN:329,(anonymous_21)
FN:345,(anonymous_22)
FN:346,(anonymous_23)
FN:353,(anonymous_24)
FN:369,(anonymous_25)
FN:389,(anonymous_26)
FN:390,(anonymous_27)
FN:394,(anonymous_28)
FN:407,(anonymous_29)
FN:408,(anonymous_30)
FN:417,(anonymous_31)
FN:428,(anonymous_32)
FN:458,(anonymous_33)
FN:460,(anonymous_34)
FN:491,(anonymous_35)
FN:498,(anonymous_36)
FN:500,(anonymous_37)
FN:529,(anonymous_38)
FN:543,(anonymous_39)
FN:545,(anonymous_40)
FN:574,(anonymous_41)
FN:601,(anonymous_42)
FNF:33
FNH:0
FNDA:0,(anonymous_10)
FNDA:0,(anonymous_11)
FNDA:0,(anonymous_12)
FNDA:0,(anonymous_13)
FNDA:0,(anonymous_14)
FNDA:0,(anonymous_15)
FNDA:0,(anonymous_16)
FNDA:0,(anonymous_17)
FNDA:0,(anonymous_18)
FNDA:0,(anonymous_19)
FNDA:0,(anonymous_20)
FNDA:0,(anonymous_21)
FNDA:0,(anonymous_22)
FNDA:0,(anonymous_23)
FNDA:0,(anonymous_24)
FNDA:0,(anonymous_25)
FNDA:0,(anonymous_26)
FNDA:0,(anonymous_27)
FNDA:0,(anonymous_28)
FNDA:0,(anonymous_29)
FNDA:0,(anonymous_30)
FNDA:0,(anonymous_31)
FNDA:0,(anonymous_32)
FNDA:0,(anonymous_33)
FNDA:0,(anonymous_34)
FNDA:0,(anonymous_35)
FNDA:0,(anonymous_36)
FNDA:0,(anonymous_37)
FNDA:0,(anonymous_38)
FNDA:0,(anonymous_39)
FNDA:0,(anonymous_40)
FNDA:0,(anonymous_41)
FNDA:0,(anonymous_42)
DA:38,0
DA:39,0
DA:55,0
DA:61,0
DA:62,0
DA:63,0
DA:66,0
DA:67,0
DA:68,0
DA:69,0
DA:70,0
DA:71,0
DA:72,0
DA:73,0
DA:74,0
DA:75,0
DA:76,0
DA:77,0
DA:78,0
DA:79,0
DA:80,0
DA:81,0
DA:82,0
DA:83,0
DA:84,0
DA:85,0
DA:89,0
DA:100,0
DA:116,0
DA:117,0
DA:118,0
DA:125,0
DA:126,0
DA:127,0
DA:130,0
DA:140,0
DA:141,0
DA:142,0
DA:144,0
DA:153,0
DA:156,0
DA:163,0
DA:170,0
DA:174,0
DA:175,0
DA:178,0
DA:179,0
DA:180,0
DA:182,0
DA:186,0
DA:187,0
DA:191,0
DA:192,0
DA:195,0
DA:208,0
DA:211,0
DA:219,0
DA:232,0
DA:245,0
DA:252,0
DA:268,0
DA:271,0
DA:276,0
DA:277,0
DA:278,0
DA:280,0
DA:281,0
DA:284,0
DA:285,0
DA:288,0
DA:290,0
DA:292,0
DA:293,0
DA:294,0
DA:295,0
DA:297,0
DA:306,0
DA:308,0
DA:322,0
DA:323,0
DA:324,0
DA:325,0
DA:326,0
DA:329,0
DA:330,0
DA:331,0
DA:332,0
DA:335,0
DA:336,0
DA:337,0
DA:338,0
DA:341,0
DA:345,0
DA:346,0
DA:347,0
DA:348,0
DA:349,0
DA:352,0
DA:353,0
DA:356,0
DA:357,0
DA:358,0
DA:361,0
DA:369,0
DA:370,0
DA:371,0
DA:372,0
DA:375,0
DA:376,0
DA:377,0
DA:380,0
DA:389,0
DA:390,0
DA:391,0
DA:393,0
DA:394,0
DA:395,0
DA:396,0
DA:399,0
DA:407,0
DA:408,0
DA:409,0
DA:417,0
DA:418,0
DA:419,0
DA:420,0
DA:421,0
DA:428,0
DA:430,0
DA:433,0
DA:434,0
DA:435,0
DA:436,0
DA:437,0
DA:440,0
DA:441,0
DA:444,0
DA:451,0
DA:452,0
DA:454,0
DA:455,0
DA:456,0
DA:458,0
DA:460,0
DA:461,0
DA:462,0
DA:463,0
DA:464,0
DA:465,0
DA:466,0
DA:467,0
DA:468,0
DA:470,0
DA:472,0
DA:475,0
DA:476,0
DA:480,0
DA:481,0
DA:484,0
DA:491,0
DA:492,0
DA:498,0
DA:499,0
DA:500,0
DA:501,0
DA:502,0
DA:503,0
DA:504,0
DA:506,0
DA:509,0
DA:511,0
DA:512,0
DA:519,0
DA:522,0
DA:529,0
DA:530,0
DA:543,0
DA:544,0
DA:545,0
DA:546,0
DA:547,0
DA:548,0
DA:549,0
DA:551,0
DA:554,0
DA:556,0
DA:557,0
DA:564,0
DA:567,0
DA:574,0
DA:575,0
DA:577,0
DA:578,0
DA:583,0
DA:584,0
DA:585,0
DA:591,0
DA:594,0
DA:601,0
DA:602,0
DA:605,0
DA:607,0
DA:608,0
DA:615,0
DA:618,0
LF:205
LH:0
BRDA:66,0,0,0
BRDA:66,0,1,0
BRDA:70,1,0,0
BRDA:70,1,1,0
BRDA:74,2,0,0
BRDA:74,2,1,0
BRDA:78,3,0,0
BRDA:78,3,1,0
BRDA:82,4,0,0
BRDA:105,5,0,0
BRDA:105,5,1,0
BRDA:108,6,0,0
BRDA:108,6,1,0
BRDA:127,7,0,0
BRDA:127,7,1,0
BRDA:178,8,0,0
BRDA:178,9,0,0
BRDA:178,9,1,0
BRDA:178,9,2,0
BRDA:179,10,0,0
BRDA:179,11,0,0
BRDA:179,11,1,0
BRDA:186,12,0,0
BRDA:191,13,0,0
BRDA:191,14,0,0
BRDA:191,14,1,0
BRDA:208,15,0,0
BRDA:208,15,1,0
BRDA:226,16,0,0
BRDA:226,16,1,0
BRDA:278,17,0,0
BRDA:278,17,1,0
BRDA:280,18,0,0
BRDA:284,19,0,0
BRDA:284,19,1,0
BRDA:292,20,0,0
BRDA:292,20,1,0
BRDA:294,21,0,0
BRDA:294,21,1,0
BRDA:326,22,0,0
BRDA:330,23,0,0
BRDA:336,24,0,0
BRDA:347,25,0,0
BRDA:353,26,0,0
BRDA:353,26,1,0
BRDA:356,27,0,0
BRDA:370,28,0,0
BRDA:375,29,0,0
BRDA:393,30,0,0
BRDA:418,31,0,0
BRDA:418,31,1,0
BRDA:440,32,0,0
BRDA:440,33,0,0
BRDA:440,33,1,0
BRDA:455,34,0,0
BRDA:455,34,1,0
BRDA:461,35,0,0
BRDA:461,35,1,0
BRDA:463,36,0,0
BRDA:463,36,1,0
BRDA:465,37,0,0
BRDA:465,38,0,0
BRDA:465,38,1,0
BRDA:475,39,0,0
BRDA:475,40,0,0
BRDA:475,40,1,0
BRDA:480,41,0,0
BRDA:480,42,0,0
BRDA:480,42,1,0
BRDA:499,43,0,0
BRDA:499,43,1,0
BRDA:501,44,0,0
BRDA:501,44,1,0
BRDA:503,45,0,0
BRDA:503,46,0,0
BRDA:503,46,1,0
BRDA:509,47,0,0
BRDA:509,47,1,0
BRDA:509,47,2,0
BRDA:511,48,0,0
BRDA:544,49,0,0
BRDA:544,49,1,0
BRDA:546,50,0,0
BRDA:546,50,1,0
BRDA:548,51,0,0
BRDA:548,52,0,0
BRDA:548,52,1,0
BRDA:554,53,0,0
BRDA:554,53,1,0
BRDA:554,53,2,0
BRDA:556,54,0,0
BRDA:577,55,0,0
BRDA:583,56,0,0
BRDA:583,56,1,0
BRDA:584,57,0,0
BRDA:602,58,0,0
BRDA:602,58,1,0
BRDA:605,59,0,0
BRDA:605,59,1,0
BRDA:605,60,0,0
BRDA:605,60,1,0
BRDA:607,61,0,0
BRF:102
BRH:0
end_of_record
TN:
SF:src/middleware/metrics.ts
FN:26,(anonymous_0)
FN:31,(anonymous_1)
FNF:2
FNH:0
FNDA:0,(anonymous_0)
FNDA:0,(anonymous_1)
DA:24,0
DA:26,0
DA:27,0
DA:30,0
DA:31,0
DA:32,0
DA:33,0
DA:34,0
DA:35,0
DA:37,0
DA:39,0
DA:42,0
LF:12
LH:0
BRDA:33,0,0,0
BRDA:33,0,1,0
BRF:2
BRH:0
end_of_record
TN:
SF:src/middleware/rate-limiter.ts
FN:10,(anonymous_0)
FN:72,(anonymous_1)
FN:117,(anonymous_2)
FNF:3
FNH:0
FNDA:0,(anonymous_0)
FNDA:0,(anonymous_1)
FNDA:0,(anonymous_2)
DA:2,0
DA:3,0
DA:10,0
DA:11,0
DA:13,0
DA:14,0
DA:17,0
DA:18,0
DA:19,0
DA:20,0
DA:21,0
DA:22,0
DA:25,0
DA:26,0
DA:29,0
DA:30,0
DA:31,0
DA:34,0
DA:35,0
DA:44,0
DA:52,0
DA:56,0
DA:62,0
DA:64,0
DA:65,0
DA:72,0
DA:73,0
DA:74,0
DA:75,0
DA:76,0
DA:78,0
DA:79,0
DA:82,0
DA:83,0
DA:84,0
DA:87,0
DA:88,0
DA:96,0
DA:104,0
DA:107,0
DA:109,0
DA:110,0
DA:117,0
DA:118,0
DA:119,0
DA:120,0
DA:121,0
DA:122,0
DA:124,0
DA:125,0
DA:128,0
DA:129,0
DA:130,0
DA:133,0
DA:134,0
DA:143,0
DA:151,0
DA:155,0
DA:161,0
DA:163,0
DA:164,0
LF:61
LH:0
BRDA:13,0,0,0
BRDA:13,1,0,0
BRDA:13,1,1,0
BRDA:13,1,2,0
BRDA:17,2,0,0
BRDA:17,2,1,0
BRDA:19,3,0,0
BRDA:19,3,1,0
BRDA:19,3,2,0
BRDA:20,4,0,0
BRDA:20,4,1,0
BRDA:22,5,0,0
BRDA:22,5,1,0
BRDA:25,6,0,0
BRDA:30,7,0,0
BRDA:34,8,0,0
BRDA:50,9,0,0
BRDA:50,9,1,0
BRDA:74,10,0,0
BRDA:74,10,1,0
BRDA:74,10,2,0
BRDA:78,11,0,0
BRDA:83,12,0,0
BRDA:87,13,0,0
BRDA:102,14,0,0
BRDA:102,14,1,0
BRDA:119,15,0,0
BRDA:119,15,1,0
BRDA:120,16,0,0
BRDA:120,16,1,0
BRDA:120,16,2,0
BRDA:124,17,0,0
BRDA:129,18,0,0
BRDA:133,19,0,0
BRDA:149,20,0,0
BRDA:149,20,1,0
BRF:36
BRH:0
end_of_record
TN:
SF:src/middleware/request-logger.ts
FN:29,(anonymous_0)
FN:51,(anonymous_1)
FNF:2
FNH:0
FNDA:0,(anonymous_0)
FNDA:0,(anonymous_1)
DA:27,0
DA:29,0
DA:30,0
DA:31,0
DA:34,0
DA:37,0
DA:40,0
DA:50,0
DA:51,0
DA:52,0
DA:54,0
DA:63,0
DA:66,0
LF:13
LH:0
BRDA:31,0,0,0
BRDA:31,0,1,0
BRF:2
BRH:0
end_of_record
TN:
SF:src/middleware/security-middleware.ts
FN:68,(anonymous_10)
FN:93,(anonymous_11)
FN:117,(anonymous_12)
FN:141,(anonymous_13)
FN:145,(anonymous_14)
FN:146,(anonymous_15)
FN:153,(anonymous_16)
FN:189,(anonymous_17)
FN:199,(anonymous_18)
FN:226,(anonymous_19)
FN:227,(anonymous_20)
FN:246,(anonymous_21)
FN:247,(anonymous_22)
FN:295,(anonymous_23)
FN:298,(anonymous_24)
FN:324,(anonymous_25)
FN:330,(anonymous_26)
FN:344,(anonymous_27)
FN:360,(anonymous_28)
FN:378,(anonymous_29)
FN:403,(anonymous_30)
FN:406,(anonymous_31)
FN:409,flatten
FN:413,(anonymous_33)
FN:415,(anonymous_34)
FN:423,(anonymous_35)
FNF:26
FNH:0
FNDA:0,(anonymous_10)
FNDA:0,(anonymous_11)
FNDA:0,(anonymous_12)
FNDA:0,(anonymous_13)
FNDA:0,(anonymous_14)
FNDA:0,(anonymous_15)
FNDA:0,(anonymous_16)
FNDA:0,(anonymous_17)
FNDA:0,(anonymous_18)
FNDA:0,(anonymous_19)
FNDA:0,(anonymous_20)
FNDA:0,(anonymous_21)
FNDA:0,(anonymous_22)
FNDA:0,(anonymous_23)
FNDA:0,(anonymous_24)
FNDA:0,(anonymous_25)
FNDA:0,(anonymous_26)
FNDA:0,(anonymous_27)
FNDA:0,(anonymous_28)
FNDA:0,(anonymous_29)
FNDA:0,(anonymous_30)
FNDA:0,(anonymous_31)
FNDA:0,flatten
FNDA:0,(anonymous_33)
FNDA:0,(anonymous_34)
FNDA:0,(anonymous_35)
DA:34,0
DA:35,0
DA:36,0
DA:37,0
DA:38,0
DA:42,0
DA:43,0
DA:44,0
DA:46,0
DA:48,0
DA:69,0
DA:71,0
DA:72,0
DA:76,0
DA:77,0
DA:81,0
DA:82,0
DA:85,0
DA:87,0
DA:88,0
DA:94,0
DA:95,0
DA:97,0
DA:98,0
DA:106,0
DA:109,0
DA:111,0
DA:112,0
DA:118,0
DA:119,0
DA:121,0
DA:122,0
DA:130,0
DA:133,0
DA:135,0
DA:136,0
DA:142,0
DA:146,0
DA:148,0
DA:149,0
DA:153,0
DA:154,0
DA:158,0
DA:162,0
DA:163,0
DA:169,0
DA:174,0
DA:175,0
DA:181,0
DA:184,0
DA:190,0
DA:191,0
DA:201,0
DA:216,0
DA:217,0
DA:218,0
DA:219,0
DA:220,0
DA:222,0
DA:227,0
DA:228,0
DA:230,0
DA:231,0
DA:238,0
DA:241,0
DA:247,0
DA:248,0
DA:249,0
DA:252,0
DA:254,0
DA:255,0
DA:258,0
DA:259,0
DA:264,0
DA:268,0
DA:269,0
DA:274,0
DA:278,0
DA:279,0
DA:281,0
DA:282,0
DA:286,0
DA:290,0
DA:296,0
DA:298,0
DA:299,0
DA:300,0
DA:301,0
DA:303,0
DA:304,0
DA:306,0
DA:308,0
DA:309,0
DA:315,0
DA:319,0
DA:325,0
DA:326,0
DA:329,0
DA:330,0
DA:333,0
DA:334,0
DA:335,0
DA:336,0
DA:338,0
DA:341,0
DA:345,0
DA:346,0
DA:348,0
DA:349,0
DA:350,0
DA:351,0
DA:352,0
DA:357,0
DA:361,0
DA:362,0
DA:364,0
DA:365,0
DA:371,0
DA:375,0
DA:379,0
DA:382,0
DA:383,0
DA:387,0
DA:388,0
DA:392,0
DA:393,0
DA:397,0
DA:398,0
DA:399,0
DA:400,0
DA:403,0
DA:407,0
DA:410,0
DA:411,0
DA:412,0
DA:413,0
DA:414,0
DA:415,0
DA:419,0
DA:420,0
DA:424,0
DA:431,0
DA:432,0
DA:434,0
DA:435,0
DA:437,0
LF:146
LH:0
BRDA:43,0,0,0
BRDA:43,0,1,0
BRDA:71,1,0,0
BRDA:71,2,0,0
BRDA:71,2,1,0
BRDA:76,3,0,0
BRDA:76,4,0,0
BRDA:76,4,1,0
BRDA:81,5,0,0
BRDA:81,6,0,0
BRDA:81,6,1,0
BRDA:97,7,0,0
BRDA:121,8,0,0
BRDA:145,9,0,0
BRDA:148,10,0,0
BRDA:153,11,0,0
BRDA:158,12,0,0
BRDA:158,12,1,0
BRDA:158,12,2,0
BRDA:158,12,3,0
BRDA:162,13,0,0
BRDA:174,14,0,0
BRDA:226,15,0,0
BRDA:228,16,0,0
BRDA:228,16,1,0
BRDA:230,17,0,0
BRDA:246,18,0,0
BRDA:246,19,0,0
BRDA:248,20,0,0
BRDA:248,21,0,0
BRDA:248,21,1,0
BRDA:252,22,0,0
BRDA:252,22,1,0
BRDA:252,23,0,0
BRDA:252,23,1,0
BRDA:255,24,0,0
BRDA:258,25,0,0
BRDA:268,26,0,0
BRDA:268,27,0,0
BRDA:268,27,1,0
BRDA:281,28,0,0
BRDA:295,29,0,0
BRDA:295,30,0,0
BRDA:303,31,0,0
BRDA:303,31,1,0
BRDA:303,32,0,0
BRDA:303,32,1,0
BRDA:308,33,0,0
BRDA:325,34,0,0
BRDA:329,35,0,0
BRDA:333,36,0,0
BRDA:333,37,0,0
BRDA:333,37,1,0
BRDA:350,38,0,0
BRDA:365,39,0,0
BRDA:365,40,0,0
BRDA:365,40,1,0
BRDA:365,40,2,0
BRDA:365,40,3,0
BRDA:365,40,4,0
BRDA:365,40,5,0
BRDA:382,41,0,0
BRDA:387,42,0,0
BRDA:392,43,0,0
BRDA:400,44,0,0
BRDA:410,45,0,0
BRDA:410,45,1,0
BRDA:412,46,0,0
BRDA:412,46,1,0
BRDA:414,47,0,0
BRDA:414,48,0,0
BRDA:414,48,1,0
BRDA:432,49,0,0
BRDA:434,50,0,0
BRDA:434,50,1,0
BRDA:435,51,0,0
BRDA:435,51,1,0
BRDA:437,52,0,0
BRDA:437,52,1,0
BRF:79
BRH:0
end_of_record
TN:
SF:src/middleware/threat-detection.ts
FN:125,analyzeRequest
FN:136,(anonymous_1)
FN:143,(anonymous_2)
FN:150,(anonymous_3)
FN:157,(anonymous_4)
FN:164,(anonymous_5)
FN:171,(anonymous_6)
FN:215,(anonymous_7)
FN:269,(anonymous_8)
FN:272,(anonymous_9)
FN:318,(anonymous_10)
FN:328,(anonymous_11)
FNF:12
FNH:0
FNDA:0,analyzeRequest
FNDA:0,(anonymous_1)
FNDA:0,(anonymous_2)
FNDA:0,(anonymous_3)
FNDA:0,(anonymous_4)
FNDA:0,(anonymous_5)
FNDA:0,(anonymous_6)
FNDA:0,(anonymous_7)
FNDA:0,(anonymous_8)
FNDA:0,(anonymous_9)
FNDA:0,(anonymous_10)
FNDA:0,(anonymous_11)
DA:39,0
DA:40,0
DA:43,0
DA:96,0
DA:108,0
DA:126,0
DA:127,0
DA:128,0
DA:129,0
DA:130,0
DA:131,0
DA:132,0
DA:135,0
DA:136,0
DA:137,0
DA:138,0
DA:142,0
DA:143,0
DA:144,0
DA:145,0
DA:149,0
DA:150,0
DA:151,0
DA:152,0
DA:156,0
DA:157,0
DA:158,0
DA:159,0
DA:163,0
DA:164,0
DA:165,0
DA:166,0
DA:170,0
DA:171,0
DA:172,0
DA:173,0
DA:174,0
DA:178,0
DA:179,0
DA:180,0
DA:181,0
DA:188,0
DA:189,0
DA:190,0
DA:191,0
DA:192,0
DA:193,0
DA:194,0
DA:195,0
DA:196,0
DA:197,0
DA:198,0
DA:199,0
DA:201,0
DA:202,0
DA:205,0
DA:215,0
DA:216,0
DA:217,0
DA:220,0
DA:221,0
DA:234,0
DA:235,0
DA:236,0
DA:240,0
DA:241,0
DA:245,0
DA:248,0
DA:250,0
DA:252,0
DA:257,0
DA:269,0
DA:271,0
DA:272,0
DA:273,0
DA:276,0
DA:277,0
DA:280,0
DA:281,0
DA:284,0
DA:285,0
DA:286,0
DA:291,0
DA:292,0
DA:299,0
DA:301,0
DA:305,0
DA:306,0
DA:311,0
DA:314,0
DA:318,0
DA:319,0
DA:328,0
DA:329,0
DA:330,0
DA:331,0
DA:332,0
LF:97
LH:0
BRDA:128,0,0,0
BRDA:128,0,1,0
BRDA:129,1,0,0
BRDA:129,1,1,0
BRDA:130,2,0,0
BRDA:130,2,1,0
BRDA:131,3,0,0
BRDA:131,3,1,0
BRDA:132,4,0,0
BRDA:132,4,1,0
BRDA:136,5,0,0
BRDA:136,6,0,0
BRDA:136,6,1,0
BRDA:136,6,2,0
BRDA:143,7,0,0
BRDA:143,8,0,0
BRDA:143,8,1,0
BRDA:143,8,2,0
BRDA:150,9,0,0
BRDA:150,10,0,0
BRDA:150,10,1,0
BRDA:150,10,2,0
BRDA:157,11,0,0
BRDA:157,12,0,0
BRDA:157,12,1,0
BRDA:164,13,0,0
BRDA:172,14,0,0
BRDA:172,15,0,0
BRDA:172,15,1,0
BRDA:178,16,0,0
BRDA:178,16,1,0
BRDA:178,16,2,0
BRDA:179,17,0,0
BRDA:188,18,0,0
BRDA:188,18,1,0
BRDA:191,19,0,0
BRDA:191,19,1,0
BRDA:194,20,0,0
BRDA:194,20,1,0
BRDA:197,21,0,0
BRDA:197,21,1,0
BRDA:220,22,0,0
BRDA:234,23,0,0
BRDA:234,23,1,0
BRDA:234,23,2,0
BRDA:235,24,0,0
BRDA:235,25,0,0
BRDA:235,25,1,0
BRDA:240,26,0,0
BRDA:272,27,0,0
BRDA:272,28,0,0
BRDA:272,28,1,0
BRDA:276,29,0,0
BRDA:276,29,1,0
BRDA:276,29,2,0
BRDA:280,30,0,0
BRDA:280,30,1,0
BRDA:285,31,0,0
BRDA:285,32,0,0
BRDA:285,32,1,0
BRDA:291,33,0,0
BRDA:305,34,0,0
BRF:62
BRH:0
end_of_record
TN:
SF:src/middleware/validation.ts
FN:9,(anonymous_9)
FN:88,sanitizeInput
FN:98,sanitizeObject
FN:117,detectSQLInjection
FN:138,(anonymous_13)
FN:139,(anonymous_14)
FN:170,detectXSS
FN:218,(anonymous_16)
FN:219,(anonymous_17)
FN:250,getClientIP
FN:261,createValidationMiddleware
FN:262,(anonymous_20)
FN:320,validateData
FNF:13
FNH:0
FNDA:0,(anonymous_9)
FNDA:0,sanitizeInput
FNDA:0,sanitizeObject
FNDA:0,detectSQLInjection
FNDA:0,(anonymous_13)
FNDA:0,(anonymous_14)
FNDA:0,detectXSS
FNDA:0,(anonymous_16)
FNDA:0,(anonymous_17)
FNDA:0,getClientIP
FNDA:0,createValidationMiddleware
FNDA:0,(anonymous_20)
FNDA:0,validateData
DA:2,0
DA:9,0
DA:10,0
DA:12,0
DA:13,0
DA:14,0
DA:15,0
DA:21,0
DA:22,0
DA:26,0
DA:27,0
DA:29,0
DA:37,0
DA:45,0
DA:49,0
DA:50,0
DA:52,0
DA:60,0
DA:68,0
DA:71,0
DA:73,0
DA:74,0
DA:81,0
DA:82,0
DA:84,0
DA:85,0
DA:86,0
DA:89,0
DA:91,0
DA:99,0
DA:100,0
DA:103,0
DA:104,0
DA:107,0
DA:108,0
DA:109,0
DA:111,0
DA:118,0
DA:138,0
DA:139,0
DA:143,0
DA:144,0
DA:145,0
DA:146,0
DA:152,0
DA:153,0
DA:154,0
DA:155,0
DA:160,0
DA:161,0
DA:164,0
DA:171,0
DA:218,0
DA:219,0
DA:223,0
DA:224,0
DA:225,0
DA:226,0
DA:232,0
DA:233,0
DA:234,0
DA:235,0
DA:240,0
DA:241,0
DA:244,0
DA:251,0
DA:261,0
DA:262,0
DA:263,0
DA:264,0
DA:271,0
DA:273,0
DA:274,0
DA:281,0
DA:289,0
DA:293,0
DA:294,0
DA:297,0
DA:299,0
DA:300,0
DA:321,0
DA:322,0
DA:325,0
DA:326,0
DA:328,0
DA:329,0
DA:335,0
DA:336,0
DA:337,0
DA:341,0
DA:342,0
DA:346,0
DA:347,0
DA:351,0
DA:352,0
DA:359,0
DA:360,0
DA:366,0
DA:367,0
DA:373,0
DA:374,0
DA:381,0
LF:102
LH:0
BRDA:12,0,0,0
BRDA:14,1,0,0
BRDA:21,2,0,0
BRDA:21,3,0,0
BRDA:21,3,1,0
BRDA:26,4,0,0
BRDA:43,5,0,0
BRDA:43,5,1,0
BRDA:49,6,0,0
BRDA:66,7,0,0
BRDA:66,7,1,0
BRDA:85,8,0,0
BRDA:85,8,1,0
BRDA:89,9,0,0
BRDA:99,10,0,0
BRDA:99,11,0,0
BRDA:99,11,1,0
BRDA:100,12,0,0
BRDA:100,12,1,0
BRDA:103,13,0,0
BRDA:143,14,0,0
BRDA:145,15,0,0
BRDA:145,16,0,0
BRDA:145,16,1,0
BRDA:152,17,0,0
BRDA:154,18,0,0
BRDA:160,19,0,0
BRDA:223,20,0,0
BRDA:225,21,0,0
BRDA:225,22,0,0
BRDA:225,22,1,0
BRDA:232,23,0,0
BRDA:234,24,0,0
BRDA:240,25,0,0
BRDA:251,26,0,0
BRDA:251,26,1,0
BRDA:251,26,2,0
BRDA:251,26,3,0
BRDA:251,26,4,0
BRDA:261,27,0,0
BRDA:273,28,0,0
BRDA:287,29,0,0
BRDA:287,29,1,0
BRDA:293,30,0,0
BRDA:320,31,0,0
BRDA:328,32,0,0
BRDA:328,33,0,0
BRDA:328,33,1,0
BRDA:328,33,2,0
BRDA:328,33,3,0
BRDA:335,34,0,0
BRDA:335,35,0,0
BRDA:335,35,1,0
BRDA:336,36,0,0
BRDA:336,36,1,0
BRDA:336,37,0,0
BRDA:336,37,1,0
BRDA:341,38,0,0
BRDA:341,38,1,0
BRDA:341,39,0,0
BRDA:341,39,1,0
BRDA:346,40,0,0
BRDA:346,40,1,0
BRDA:346,41,0,0
BRDA:346,41,1,0
BRDA:351,42,0,0
BRDA:351,43,0,0
BRDA:351,43,1,0
BRDA:359,44,0,0
BRDA:359,45,0,0
BRDA:359,45,1,0
BRDA:359,45,2,0
BRDA:359,45,3,0
BRDA:366,46,0,0
BRDA:366,47,0,0
BRDA:366,47,1,0
BRDA:366,47,2,0
BRDA:366,47,3,0
BRDA:373,48,0,0
BRDA:373,49,0,0
BRDA:373,49,1,0
BRDA:373,49,2,0
BRDA:373,49,3,0
BRDA:384,50,0,0
BRDA:384,50,1,0
BRF:85
BRH:0
end_of_record
TN:
SF:src/routes/admin-migration.ts
FN:38,(anonymous_0)
FN:48,(anonymous_1)
FN:48,(anonymous_2)
FN:48,(anonymous_3)
FN:49,(anonymous_4)
FN:51,(anonymous_5)
FN:52,(anonymous_6)
FN:71,(anonymous_7)
FNF:8
FNH:0
FNDA:0,(anonymous_0)
FNDA:0,(anonymous_1)
FNDA:0,(anonymous_2)
FNDA:0,(anonymous_3)
FNDA:0,(anonymous_4)
FNDA:0,(anonymous_5)
FNDA:0,(anonymous_6)
FNDA:0,(anonymous_7)
DA:28,0
DA:29,0
DA:30,0
DA:31,0
DA:33,0
DA:35,0
DA:38,0
DA:39,0
DA:40,0
DA:41,0
DA:42,0
DA:43,0
DA:47,0
DA:48,0
DA:49,0
DA:51,0
DA:52,0
DA:54,0
DA:63,0
DA:65,0
DA:66,0
DA:71,0
DA:72,0
DA:73,0
DA:74,0
DA:75,0
DA:76,0
DA:78,0
DA:79,0
DA:80,0
DA:81,0
DA:82,0
DA:87,0
DA:95,0
DA:96,0
DA:97,0
DA:99,0
DA:100,0
DA:104,0
LF:39
LH:0
BRDA:40,0,0,0
BRDA:40,1,0,0
BRDA:40,1,1,0
BRDA:41,2,0,0
BRDA:48,3,0,0
BRDA:48,3,1,0
BRDA:73,4,0,0
BRDA:73,4,1,0
BRDA:74,5,0,0
BRDA:74,6,0,0
BRDA:74,6,1,0
BRDA:80,7,0,0
BRF:12
BRH:0
end_of_record
TN:
SF:src/routes/admin.ts
FN:44,(anonymous_9)
FN:55,(anonymous_10)
FN:69,(anonymous_11)
FN:90,(anonymous_12)
FN:100,(anonymous_13)
FN:110,(anonymous_14)
FN:125,(anonymous_15)
FN:148,(anonymous_16)
FN:159,(anonymous_17)
FN:169,(anonymous_18)
FN:173,(anonymous_19)
FN:182,(anonymous_20)
FN:201,(anonymous_21)
FN:220,(anonymous_22)
FN:230,(anonymous_23)
FN:234,(anonymous_24)
FN:289,(anonymous_25)
FN:294,(anonymous_26)
FN:303,(anonymous_27)
FN:307,(anonymous_28)
FN:311,(anonymous_29)
FN:315,(anonymous_30)
FN:345,(anonymous_31)
FN:360,(anonymous_32)
FN:407,(anonymous_33)
FN:410,(anonymous_34)
FN:459,(anonymous_35)
FN:475,(anonymous_36)
FN:496,(anonymous_37)
FN:551,(anonymous_38)
FN:578,(anonymous_39)
FN:581,(anonymous_40)
FN:582,(anonymous_41)
FN:608,(anonymous_42)
FN:616,(anonymous_43)
FN:618,(anonymous_44)
FNF:36
FNH:0
FNDA:0,(anonymous_9)
FNDA:0,(anonymous_10)
FNDA:0,(anonymous_11)
FNDA:0,(anonymous_12)
FNDA:0,(anonymous_13)
FNDA:0,(anonymous_14)
FNDA:0,(anonymous_15)
FNDA:0,(anonymous_16)
FNDA:0,(anonymous_17)
FNDA:0,(anonymous_18)
FNDA:0,(anonymous_19)
FNDA:0,(anonymous_20)
FNDA:0,(anonymous_21)
FNDA:0,(anonymous_22)
FNDA:0,(anonymous_23)
FNDA:0,(anonymous_24)
FNDA:0,(anonymous_25)
FNDA:0,(anonymous_26)
FNDA:0,(anonymous_27)
FNDA:0,(anonymous_28)
FNDA:0,(anonymous_29)
FNDA:0,(anonymous_30)
FNDA:0,(anonymous_31)
FNDA:0,(anonymous_32)
FNDA:0,(anonymous_33)
FNDA:0,(anonymous_34)
FNDA:0,(anonymous_35)
FNDA:0,(anonymous_36)
FNDA:0,(anonymous_37)
FNDA:0,(anonymous_38)
FNDA:0,(anonymous_39)
FNDA:0,(anonymous_40)
FNDA:0,(anonymous_41)
FNDA:0,(anonymous_42)
FNDA:0,(anonymous_43)
FNDA:0,(anonymous_44)
DA:28,0
DA:29,0
DA:30,0
DA:32,0
DA:33,0
DA:34,0
DA:36,0
DA:38,0
DA:41,0
DA:44,0
DA:45,0
DA:46,0
DA:47,0
DA:48,0
DA:50,0
DA:55,0
DA:56,0
DA:57,0
DA:58,0
DA:64,0
DA:69,0
DA:70,0
DA:71,0
DA:73,0
DA:85,0
DA:90,0
DA:91,0
DA:92,0
DA:93,0
DA:95,0
DA:100,0
DA:101,0
DA:102,0
DA:103,0
DA:105,0
DA:110,0
DA:111,0
DA:112,0
DA:113,0
DA:114,0
DA:115,0
DA:117,0
DA:118,0
DA:120,0
DA:125,0
DA:126,0
DA:127,0
DA:128,0
DA:129,0
DA:131,0
DA:137,0
DA:138,0
DA:140,0
DA:148,0
DA:154,0
DA:159,0
DA:160,0
DA:161,0
DA:162,0
DA:163,0
DA:164,0
DA:165,0
DA:166,0
DA:167,0
DA:168,0
DA:169,0
DA:170,0
DA:173,0
DA:174,0
DA:175,0
DA:176,0
DA:177,0
DA:178,0
DA:179,0
DA:182,0
DA:183,0
DA:184,0
DA:185,0
DA:186,0
DA:187,0
DA:189,0
DA:190,0
DA:191,0
DA:192,0
DA:193,0
DA:194,0
DA:196,0
DA:197,0
DA:198,0
DA:201,0
DA:202,0
DA:203,0
DA:204,0
DA:205,0
DA:206,0
DA:208,0
DA:209,0
DA:210,0
DA:211,0
DA:212,0
DA:214,0
DA:215,0
DA:216,0
DA:220,0
DA:221,0
DA:222,0
DA:223,0
DA:224,0
DA:225,0
DA:226,0
DA:227,0
DA:228,0
DA:229,0
DA:230,0
DA:231,0
DA:234,0
DA:235,0
DA:236,0
DA:237,0
DA:240,0
DA:241,0
DA:243,0
DA:244,0
DA:249,0
DA:253,0
DA:254,0
DA:255,0
DA:256,0
DA:257,0
DA:259,0
DA:260,0
DA:261,0
DA:265,0
DA:267,0
DA:273,0
DA:284,0
DA:289,0
DA:290,0
DA:291,0
DA:294,0
DA:297,0
DA:300,0
DA:302,0
DA:303,0
DA:306,0
DA:307,0
DA:310,0
DA:311,0
DA:315,0
DA:316,0
DA:320,0
DA:321,0
DA:322,0
DA:323,0
DA:324,0
DA:325,0
DA:327,0
DA:341,0
DA:345,0
DA:346,0
DA:347,0
DA:348,0
DA:351,0
DA:352,0
DA:357,0
DA:360,0
DA:361,0
DA:363,0
DA:364,0
DA:369,0
DA:373,0
DA:376,0
DA:377,0
DA:381,0
DA:382,0
DA:385,0
DA:393,0
DA:395,0
DA:402,0
DA:407,0
DA:408,0
DA:410,0
DA:411,0
DA:414,0
DA:448,0
DA:455,0
DA:459,0
DA:460,0
DA:461,0
DA:467,0
DA:474,0
DA:475,0
DA:476,0
DA:477,0
DA:480,0
DA:483,0
DA:491,0
DA:496,0
DA:497,0
DA:498,0
DA:504,0
DA:505,0
DA:507,0
DA:524,0
DA:525,0
DA:526,0
DA:527,0
DA:528,0
DA:529,0
DA:530,0
DA:534,0
DA:537,0
DA:538,0
DA:539,0
DA:540,0
DA:547,0
DA:549,0
DA:551,0
DA:573,0
DA:578,0
DA:579,0
DA:581,0
DA:582,0
DA:584,0
DA:591,0
DA:592,0
DA:593,0
DA:595,0
DA:599,0
DA:600,0
DA:601,0
DA:603,0
DA:607,0
DA:608,0
DA:609,0
DA:610,0
DA:612,0
DA:616,0
DA:617,0
DA:618,0
DA:620,0
DA:634,0
DA:638,0
LF:243
LH:0
BRDA:78,0,0,0
BRDA:78,0,1,0
BRDA:81,1,0,0
BRDA:81,1,1,0
BRDA:113,2,0,0
BRDA:151,3,0,0
BRDA:151,3,1,0
BRDA:161,4,0,0
BRDA:161,5,0,0
BRDA:164,6,0,0
BRDA:165,7,0,0
BRDA:166,8,0,0
BRDA:169,9,0,0
BRDA:169,9,1,0
BRDA:178,10,0,0
BRDA:178,10,1,0
BRDA:178,11,0,0
BRDA:178,11,1,0
BRDA:185,12,0,0
BRDA:192,13,0,0
BRDA:197,14,0,0
BRDA:197,14,1,0
BRDA:204,15,0,0
BRDA:210,16,0,0
BRDA:215,17,0,0
BRDA:215,17,1,0
BRDA:222,18,0,0
BRDA:222,19,0,0
BRDA:225,20,0,0
BRDA:226,21,0,0
BRDA:227,22,0,0
BRDA:230,23,0,0
BRDA:230,23,1,0
BRDA:243,24,0,0
BRDA:254,25,0,0
BRDA:255,26,0,0
BRDA:256,27,0,0
BRDA:256,27,1,0
BRDA:256,27,2,0
BRDA:259,28,0,0
BRDA:260,29,0,0
BRDA:260,29,1,0
BRDA:260,29,2,0
BRDA:276,30,0,0
BRDA:276,30,1,0
BRDA:291,31,0,0
BRDA:291,32,0,0
BRDA:297,33,0,0
BRDA:297,33,1,0
BRDA:302,34,0,0
BRDA:306,35,0,0
BRDA:310,36,0,0
BRDA:351,37,0,0
BRDA:363,38,0,0
BRDA:373,39,0,0
BRDA:381,40,0,0
BRDA:429,41,0,0
BRDA:429,41,1,0
BRDA:445,42,0,0
BRDA:445,42,1,0
BRDA:476,43,0,0
BRDA:498,44,0,0
BRDA:498,45,0,0
BRDA:505,46,0,0
BRDA:525,47,0,0
BRDA:526,48,0,0
BRDA:527,49,0,0
BRDA:527,50,0,0
BRDA:527,50,1,0
BRDA:529,51,0,0
BRDA:530,52,0,0
BRDA:552,53,0,0
BRDA:552,53,1,0
BRDA:553,54,0,0
BRDA:553,54,1,0
BRDA:554,55,0,0
BRDA:554,55,1,0
BRDA:555,56,0,0
BRDA:555,56,1,0
BRDA:556,57,0,0
BRDA:556,57,1,0
BRDA:557,58,0,0
BRDA:557,58,1,0
BRDA:558,59,0,0
BRDA:558,59,1,0
BRDA:559,60,0,0
BRDA:559,60,1,0
BRDA:560,61,0,0
BRDA:560,61,1,0
BRDA:593,62,0,0
BRDA:593,62,1,0
BRDA:600,63,0,0
BRDA:600,63,1,0
BRDA:601,64,0,0
BRDA:601,64,1,0
BRDA:609,65,0,0
BRDA:609,65,1,0
BRDA:610,66,0,0
BRDA:610,66,1,0
BRDA:617,67,0,0
BRDA:617,67,1,0
BRDA:618,68,0,0
BRDA:618,68,1,0
BRF:103
BRH:0
end_of_record
TN:
SF:src/routes/advanced-margin.ts
FN:34,(anonymous_0)
FN:74,(anonymous_1)
FN:106,(anonymous_2)
FN:143,(anonymous_3)
FN:188,(anonymous_4)
FN:236,(anonymous_5)
FN:274,(anonymous_6)
FN:313,(anonymous_7)
FN:338,(anonymous_8)
FN:370,(anonymous_9)
FN:395,(anonymous_10)
FN:436,(anonymous_11)
FN:468,(anonymous_12)
FN:493,(anonymous_13)
FN:518,(anonymous_14)
FNF:15
FNH:0
FNDA:0,(anonymous_0)
FNDA:0,(anonymous_1)
FNDA:0,(anonymous_2)
FNDA:0,(anonymous_3)
FNDA:0,(anonymous_4)
FNDA:0,(anonymous_5)
FNDA:0,(anonymous_6)
FNDA:0,(anonymous_7)
FNDA:0,(anonymous_8)
FNDA:0,(anonymous_9)
FNDA:0,(anonymous_10)
FNDA:0,(anonymous_11)
FNDA:0,(anonymous_12)
FNDA:0,(anonymous_13)
FNDA:0,(anonymous_14)
DA:12,0
DA:14,0
DA:15,0
DA:16,0
DA:17,0
DA:18,0
DA:20,0
DA:30,0
DA:35,0
DA:36,0
DA:37,0
DA:38,0
DA:39,0
DA:41,0
DA:42,0
DA:45,0
DA:54,0
DA:61,0
DA:62,0
DA:71,0
DA:75,0
DA:76,0
DA:77,0
DA:78,0
DA:80,0
DA:81,0
DA:84,0
DA:86,0
DA:93,0
DA:94,0
DA:103,0
DA:107,0
DA:108,0
DA:109,0
DA:110,0
DA:112,0
DA:113,0
DA:116,0
DA:118,0
DA:125,0
DA:126,0
DA:139,0
DA:144,0
DA:145,0
DA:146,0
DA:147,0
DA:148,0
DA:150,0
DA:151,0
DA:154,0
DA:167,0
DA:174,0
DA:175,0
DA:184,0
DA:189,0
DA:190,0
DA:191,0
DA:192,0
DA:193,0
DA:194,0
DA:196,0
DA:197,0
DA:200,0
DA:201,0
DA:205,0
DA:208,0
DA:216,0
DA:223,0
DA:224,0
DA:233,0
DA:237,0
DA:238,0
DA:239,0
DA:240,0
DA:242,0
DA:243,0
DA:247,0
DA:249,0
DA:256,0
DA:257,0
DA:270,0
DA:275,0
DA:276,0
DA:277,0
DA:279,0
DA:280,0
DA:284,0
DA:287,0
DA:289,0
DA:296,0
DA:297,0
DA:310,0
DA:314,0
DA:316,0
DA:318,0
DA:325,0
DA:326,0
DA:335,0
DA:339,0
DA:340,0
DA:341,0
DA:342,0
DA:344,0
DA:345,0
DA:348,0
DA:350,0
DA:357,0
DA:358,0
DA:367,0
DA:371,0
DA:372,0
DA:374,0
DA:381,0
DA:382,0
DA:391,0
DA:396,0
DA:397,0
DA:398,0
DA:399,0
DA:400,0
DA:403,0
DA:404,0
DA:405,0
DA:407,0
DA:408,0
DA:411,0
DA:413,0
DA:419,0
DA:420,0
DA:433,0
DA:437,0
DA:438,0
DA:440,0
DA:451,0
DA:452,0
DA:465,0
DA:469,0
DA:471,0
DA:473,0
DA:480,0
DA:481,0
DA:490,0
DA:494,0
DA:496,0
DA:498,0
DA:505,0
DA:506,0
DA:515,0
DA:519,0
DA:521,0
DA:523,0
DA:530,0
DA:531,0
DA:536,0
LF:154
LH:0
BRDA:41,0,0,0
BRDA:41,1,0,0
BRDA:41,1,1,0
BRDA:41,1,2,0
BRDA:80,2,0,0
BRDA:80,3,0,0
BRDA:80,3,1,0
BRDA:80,3,2,0
BRDA:89,4,0,0
BRDA:89,4,1,0
BRDA:112,5,0,0
BRDA:112,6,0,0
BRDA:112,6,1,0
BRDA:112,6,2,0
BRDA:150,7,0,0
BRDA:150,8,0,0
BRDA:150,8,1,0
BRDA:150,8,2,0
BRDA:196,9,0,0
BRDA:196,10,0,0
BRDA:196,10,1,0
BRDA:196,10,2,0
BRDA:200,11,0,0
BRDA:242,12,0,0
BRDA:242,13,0,0
BRDA:242,13,1,0
BRDA:242,13,2,0
BRDA:279,14,0,0
BRDA:344,15,0,0
BRDA:344,16,0,0
BRDA:344,16,1,0
BRDA:344,16,2,0
BRDA:403,17,0,0
BRDA:403,17,1,0
BRDA:404,18,0,0
BRDA:404,18,1,0
BRDA:405,19,0,0
BRDA:405,19,1,0
BRDA:407,20,0,0
BRDA:407,21,0,0
BRDA:407,21,1,0
BRDA:407,21,2,0
BRDA:443,22,0,0
BRDA:443,22,1,0
BRDA:447,23,0,0
BRDA:447,23,1,0
BRF:46
BRH:0
end_of_record
TN:
SF:src/routes/ai-ml.ts
FN:75,(anonymous_1)
FN:100,(anonymous_2)
FN:138,(anonymous_3)
FN:162,(anonymous_4)
FN:192,(anonymous_5)
FN:217,(anonymous_6)
FN:247,(anonymous_7)
FN:272,(anonymous_8)
FN:302,(anonymous_9)
FN:327,(anonymous_10)
FN:357,(anonymous_11)
FN:382,(anonymous_12)
FN:412,(anonymous_13)
FN:437,(anonymous_14)
FN:467,(anonymous_15)
FN:491,(anonymous_16)
FNF:16
FNH:0
FNDA:0,(anonymous_1)
FNDA:0,(anonymous_2)
FNDA:0,(anonymous_3)
FNDA:0,(anonymous_4)
FNDA:0,(anonymous_5)
FNDA:0,(anonymous_6)
FNDA:0,(anonymous_7)
FNDA:0,(anonymous_8)
FNDA:0,(anonymous_9)
FNDA:0,(anonymous_10)
FNDA:0,(anonymous_11)
FNDA:0,(anonymous_12)
FNDA:0,(anonymous_13)
FNDA:0,(anonymous_14)
FNDA:0,(anonymous_15)
FNDA:0,(anonymous_16)
DA:15,0
DA:16,0
DA:17,0
DA:18,0
DA:19,0
DA:20,0
DA:22,0
DA:28,0
DA:36,0
DA:41,0
DA:46,0
DA:51,0
DA:56,0
DA:75,0
DA:76,0
DA:77,0
DA:79,0
DA:85,0
DA:86,0
DA:100,0
DA:101,0
DA:102,0
DA:104,0
DA:105,0
DA:109,0
DA:112,0
DA:114,0
DA:119,0
DA:120,0
DA:138,0
DA:139,0
DA:140,0
DA:142,0
DA:147,0
DA:148,0
DA:162,0
DA:163,0
DA:164,0
DA:165,0
DA:167,0
DA:173,0
DA:174,0
DA:192,0
DA:193,0
DA:194,0
DA:195,0
DA:197,0
DA:202,0
DA:203,0
DA:217,0
DA:218,0
DA:219,0
DA:220,0
DA:222,0
DA:228,0
DA:229,0
DA:247,0
DA:248,0
DA:249,0
DA:250,0
DA:252,0
DA:257,0
DA:258,0
DA:272,0
DA:273,0
DA:274,0
DA:275,0
DA:277,0
DA:283,0
DA:284,0
DA:302,0
DA:303,0
DA:304,0
DA:305,0
DA:307,0
DA:312,0
DA:313,0
DA:327,0
DA:328,0
DA:329,0
DA:330,0
DA:332,0
DA:338,0
DA:339,0
DA:357,0
DA:358,0
DA:359,0
DA:360,0
DA:362,0
DA:367,0
DA:368,0
DA:382,0
DA:383,0
DA:384,0
DA:385,0
DA:387,0
DA:393,0
DA:394,0
DA:412,0
DA:413,0
DA:414,0
DA:415,0
DA:417,0
DA:422,0
DA:423,0
DA:437,0
DA:438,0
DA:439,0
DA:440,0
DA:442,0
DA:448,0
DA:449,0
DA:467,0
DA:468,0
DA:469,0
DA:471,0
DA:476,0
DA:477,0
DA:491,0
DA:492,0
DA:493,0
DA:495,0
DA:503,0
DA:504,0
DA:514,0
LF:125
LH:0
BRDA:104,0,0,0
BRDA:498,1,0,0
BRDA:498,1,1,0
BRF:3
BRH:0
end_of_record
TN:
SF:src/routes/auth-router.ts
FN:47,(anonymous_0)
FN:57,(anonymous_1)
FN:66,(anonymous_2)
FN:76,(anonymous_3)
FN:86,(anonymous_4)
FN:96,(anonymous_5)
FN:107,(anonymous_6)
FN:120,(anonymous_7)
FN:132,(anonymous_8)
FN:143,(anonymous_9)
FN:153,(anonymous_10)
FN:164,(anonymous_11)
FN:176,(anonymous_12)
FN:186,(anonymous_13)
FN:196,(anonymous_14)
FN:207,(anonymous_15)
FNF:16
FNH:0
FNDA:0,(anonymous_0)
FNDA:0,(anonymous_1)
FNDA:0,(anonymous_2)
FNDA:0,(anonymous_3)
FNDA:0,(anonymous_4)
FNDA:0,(anonymous_5)
FNDA:0,(anonymous_6)
FNDA:0,(anonymous_7)
FNDA:0,(anonymous_8)
FNDA:0,(anonymous_9)
FNDA:0,(anonymous_10)
FNDA:0,(anonymous_11)
FNDA:0,(anonymous_12)
FNDA:0,(anonymous_13)
FNDA:0,(anonymous_14)
FNDA:0,(anonymous_15)
DA:26,0
DA:27,0
DA:29,0
DA:30,0
DA:41,0
DA:42,0
DA:44,0
DA:47,0
DA:48,0
DA:49,0
DA:50,0
DA:51,0
DA:53,0
DA:57,0
DA:58,0
DA:59,0
DA:60,0
DA:62,0
DA:66,0
DA:67,0
DA:68,0
DA:69,0
DA:70,0
DA:72,0
DA:76,0
DA:77,0
DA:78,0
DA:79,0
DA:80,0
DA:82,0
DA:86,0
DA:87,0
DA:88,0
DA:89,0
DA:90,0
DA:92,0
DA:96,0
DA:97,0
DA:98,0
DA:99,0
DA:100,0
DA:102,0
DA:107,0
DA:108,0
DA:109,0
DA:110,0
DA:111,0
DA:112,0
DA:114,0
DA:116,0
DA:120,0
DA:121,0
DA:122,0
DA:123,0
DA:124,0
DA:125,0
DA:126,0
DA:128,0
DA:132,0
DA:133,0
DA:134,0
DA:135,0
DA:136,0
DA:137,0
DA:139,0
DA:143,0
DA:144,0
DA:145,0
DA:146,0
DA:147,0
DA:149,0
DA:153,0
DA:154,0
DA:155,0
DA:156,0
DA:157,0
DA:158,0
DA:160,0
DA:164,0
DA:165,0
DA:166,0
DA:167,0
DA:168,0
DA:169,0
DA:171,0
DA:176,0
DA:177,0
DA:178,0
DA:179,0
DA:180,0
DA:182,0
DA:186,0
DA:187,0
DA:188,0
DA:189,0
DA:190,0
DA:192,0
DA:196,0
DA:197,0
DA:198,0
DA:199,0
DA:200,0
DA:201,0
DA:203,0
DA:207,0
DA:208,0
DA:209,0
DA:210,0
DA:211,0
DA:212,0
DA:214,0
DA:219,0
DA:220,0
DA:221,0
DA:223,0
LF:115
LH:0
BRDA:79,0,0,0
BRDA:111,1,0,0
BRDA:158,2,0,0
BRDA:158,2,1,0
BRF:4
BRH:0
end_of_record
TN:
SF:src/routes/auth.ts
FN:34,(anonymous_0)
FN:60,(anonymous_1)
FN:96,(anonymous_2)
FN:112,(anonymous_3)
FN:138,(anonymous_4)
FN:164,(anonymous_5)
FN:191,(anonymous_6)
FN:209,(anonymous_7)
FN:228,(anonymous_8)
FN:246,(anonymous_9)
FN:266,(anonymous_10)
FN:285,(anonymous_11)
FN:303,(anonymous_12)
FN:321,(anonymous_13)
FN:340,(anonymous_14)
FN:370,(anonymous_15)
FN:399,(anonymous_16)
FN:420,(anonymous_17)
FN:447,(anonymous_18)
FN:495,(anonymous_19)
FN:521,(anonymous_20)
FNF:21
FNH:0
FNDA:0,(anonymous_0)
FNDA:0,(anonymous_1)
FNDA:0,(anonymous_2)
FNDA:0,(anonymous_3)
FNDA:0,(anonymous_4)
FNDA:0,(anonymous_5)
FNDA:0,(anonymous_6)
FNDA:0,(anonymous_7)
FNDA:0,(anonymous_8)
FNDA:0,(anonymous_9)
FNDA:0,(anonymous_10)
FNDA:0,(anonymous_11)
FNDA:0,(anonymous_12)
FNDA:0,(anonymous_13)
FNDA:0,(anonymous_14)
FNDA:0,(anonymous_15)
FNDA:0,(anonymous_16)
FNDA:0,(anonymous_17)
FNDA:0,(anonymous_18)
FNDA:0,(anonymous_19)
FNDA:0,(anonymous_20)
DA:26,0
DA:27,0
DA:30,0
DA:34,0
DA:35,0
DA:37,0
DA:38,0
DA:44,0
DA:47,0
DA:48,0
DA:54,0
DA:57,0
DA:60,0
DA:61,0
DA:63,0
DA:64,0
DA:70,0
DA:73,0
DA:74,0
DA:80,0
DA:83,0
DA:84,0
DA:90,0
DA:93,0
DA:96,0
DA:97,0
DA:99,0
DA:100,0
DA:106,0
DA:109,0
DA:112,0
DA:113,0
DA:115,0
DA:116,0
DA:122,0
DA:125,0
DA:126,0
DA:132,0
DA:135,0
DA:138,0
DA:139,0
DA:141,0
DA:142,0
DA:148,0
DA:151,0
DA:152,0
DA:158,0
DA:161,0
DA:164,0
DA:165,0
DA:167,0
DA:168,0
DA:174,0
DA:177,0
DA:178,0
DA:184,0
DA:187,0
DA:191,0
DA:192,0
DA:193,0
DA:195,0
DA:197,0
DA:203,0
DA:205,0
DA:209,0
DA:210,0
DA:211,0
DA:213,0
DA:215,0
DA:222,0
DA:224,0
DA:228,0
DA:229,0
DA:230,0
DA:232,0
DA:234,0
DA:240,0
DA:242,0
DA:246,0
DA:247,0
DA:248,0
DA:250,0
DA:251,0
DA:254,0
DA:260,0
DA:262,0
DA:266,0
DA:267,0
DA:268,0
DA:269,0
DA:271,0
DA:273,0
DA:279,0
DA:281,0
DA:285,0
DA:286,0
DA:287,0
DA:289,0
DA:291,0
DA:297,0
DA:299,0
DA:303,0
DA:304,0
DA:305,0
DA:307,0
DA:309,0
DA:315,0
DA:317,0
DA:321,0
DA:322,0
DA:323,0
DA:325,0
DA:327,0
DA:334,0
DA:336,0
DA:340,0
DA:341,0
DA:342,0
DA:343,0
DA:345,0
DA:346,0
DA:352,0
DA:355,0
DA:357,0
DA:364,0
DA:366,0
DA:370,0
DA:371,0
DA:372,0
DA:373,0
DA:375,0
DA:376,0
DA:382,0
DA:385,0
DA:387,0
DA:393,0
DA:395,0
DA:399,0
DA:400,0
DA:401,0
DA:403,0
DA:404,0
DA:405,0
DA:408,0
DA:414,0
DA:416,0
DA:420,0
DA:421,0
DA:422,0
DA:423,0
DA:426,0
DA:428,0
DA:430,0
DA:437,0
DA:439,0
DA:447,0
DA:448,0
DA:449,0
DA:451,0
DA:452,0
DA:458,0
DA:462,0
DA:470,0
DA:472,0
DA:473,0
DA:479,0
DA:485,0
DA:487,0
DA:495,0
DA:496,0
DA:497,0
DA:498,0
DA:500,0
DA:511,0
DA:513,0
DA:521,0
DA:522,0
DA:524,0
DA:525,0
DA:527,0
DA:533,0
DA:535,0
LF:182
LH:0
BRDA:37,0,0,0
BRDA:37,1,0,0
BRDA:37,1,1,0
BRDA:42,2,0,0
BRDA:42,2,1,0
BRDA:47,3,0,0
BRDA:52,4,0,0
BRDA:52,4,1,0
BRDA:63,5,0,0
BRDA:63,6,0,0
BRDA:63,6,1,0
BRDA:63,6,2,0
BRDA:63,6,3,0
BRDA:63,6,4,0
BRDA:68,7,0,0
BRDA:68,7,1,0
BRDA:73,8,0,0
BRDA:78,9,0,0
BRDA:78,9,1,0
BRDA:83,10,0,0
BRDA:88,11,0,0
BRDA:88,11,1,0
BRDA:99,12,0,0
BRDA:104,13,0,0
BRDA:104,13,1,0
BRDA:115,14,0,0
BRDA:115,15,0,0
BRDA:115,15,1,0
BRDA:120,16,0,0
BRDA:120,16,1,0
BRDA:125,17,0,0
BRDA:130,18,0,0
BRDA:130,18,1,0
BRDA:141,19,0,0
BRDA:146,20,0,0
BRDA:146,20,1,0
BRDA:151,21,0,0
BRDA:156,22,0,0
BRDA:156,22,1,0
BRDA:167,23,0,0
BRDA:167,24,0,0
BRDA:167,24,1,0
BRDA:172,25,0,0
BRDA:172,25,1,0
BRDA:177,26,0,0
BRDA:182,27,0,0
BRDA:182,27,1,0
BRDA:201,28,0,0
BRDA:201,28,1,0
BRDA:220,29,0,0
BRDA:220,29,1,0
BRDA:238,30,0,0
BRDA:238,30,1,0
BRDA:250,31,0,0
BRDA:258,32,0,0
BRDA:258,32,1,0
BRDA:277,33,0,0
BRDA:277,33,1,0
BRDA:295,34,0,0
BRDA:295,34,1,0
BRDA:313,35,0,0
BRDA:313,35,1,0
BRDA:332,36,0,0
BRDA:332,36,1,0
BRDA:345,37,0,0
BRDA:350,38,0,0
BRDA:350,38,1,0
BRDA:360,39,0,0
BRDA:360,39,1,0
BRDA:362,40,0,0
BRDA:362,40,1,0
BRDA:375,41,0,0
BRDA:380,42,0,0
BRDA:380,42,1,0
BRDA:391,43,0,0
BRDA:391,43,1,0
BRDA:404,44,0,0
BRDA:412,45,0,0
BRDA:412,45,1,0
BRDA:435,46,0,0
BRDA:435,46,1,0
BRDA:451,47,0,0
BRDA:456,48,0,0
BRDA:456,48,1,0
BRDA:466,49,0,0
BRDA:466,49,1,0
BRDA:472,50,0,0
BRDA:483,51,0,0
BRDA:483,51,1,0
BRDA:509,52,0,0
BRDA:509,52,1,0
BRDA:531,53,0,0
BRDA:531,53,1,0
BRF:93
BRH:0
end_of_record
TN:
SF:src/routes/blnkfinance.ts
FN:139,(anonymous_1)
FN:225,(anonymous_2)
FN:273,(anonymous_3)
FN:380,(anonymous_4)
FN:480,(anonymous_5)
FN:578,(anonymous_6)
FN:682,(anonymous_7)
FN:768,(anonymous_8)
FN:833,(anonymous_9)
FNF:9
FNH:0
FNDA:0,(anonymous_1)
FNDA:0,(anonymous_2)
FNDA:0,(anonymous_3)
FNDA:0,(anonymous_4)
FNDA:0,(anonymous_5)
FNDA:0,(anonymous_6)
FNDA:0,(anonymous_7)
FNDA:0,(anonymous_8)
FNDA:0,(anonymous_9)
DA:15,0
DA:16,0
DA:17,0
DA:18,0
DA:21,0
DA:23,0
DA:29,0
DA:40,0
DA:58,0
DA:64,0
DA:72,0
DA:139,0
DA:140,0
DA:141,0
DA:142,0
DA:143,0
DA:148,0
DA:160,0
DA:162,0
DA:173,0
DA:178,0
DA:184,0
DA:185,0
DA:225,0
DA:226,0
DA:227,0
DA:230,0
DA:232,0
DA:239,0
DA:240,0
DA:273,0
DA:274,0
DA:275,0
DA:277,0
DA:278,0
DA:282,0
DA:285,0
DA:287,0
DA:288,0
DA:292,0
DA:295,0
DA:301,0
DA:302,0
DA:380,0
DA:381,0
DA:382,0
DA:383,0
DA:384,0
DA:389,0
DA:400,0
DA:402,0
DA:412,0
DA:417,0
DA:423,0
DA:424,0
DA:480,0
DA:481,0
DA:482,0
DA:483,0
DA:485,0
DA:486,0
DA:491,0
DA:494,0
DA:495,0
DA:499,0
DA:502,0
DA:504,0
DA:511,0
DA:518,0
DA:519,0
DA:578,0
DA:579,0
DA:580,0
DA:581,0
DA:582,0
DA:587,0
DA:596,0
DA:598,0
DA:606,0
DA:611,0
DA:617,0
DA:618,0
DA:682,0
DA:683,0
DA:684,0
DA:685,0
DA:687,0
DA:688,0
DA:693,0
DA:696,0
DA:697,0
DA:701,0
DA:710,0
DA:712,0
DA:721,0
DA:727,0
DA:733,0
DA:734,0
DA:768,0
DA:769,0
DA:770,0
DA:773,0
DA:781,0
DA:787,0
DA:788,0
DA:833,0
DA:834,0
DA:835,0
DA:837,0
DA:850,0
DA:851,0
DA:860,0
LF:112
LH:0
BRDA:142,0,0,0
BRDA:146,1,0,0
BRDA:146,1,1,0
BRDA:188,2,0,0
BRDA:188,2,1,0
BRDA:243,3,0,0
BRDA:243,3,1,0
BRDA:277,4,0,0
BRDA:287,5,0,0
BRDA:305,6,0,0
BRDA:305,6,1,0
BRDA:383,7,0,0
BRDA:387,8,0,0
BRDA:387,8,1,0
BRDA:427,9,0,0
BRDA:427,9,1,0
BRDA:485,10,0,0
BRDA:489,11,0,0
BRDA:489,11,1,0
BRDA:494,12,0,0
BRDA:522,13,0,0
BRDA:522,13,1,0
BRDA:581,14,0,0
BRDA:585,15,0,0
BRDA:585,15,1,0
BRDA:621,16,0,0
BRDA:621,16,1,0
BRDA:687,17,0,0
BRDA:691,18,0,0
BRDA:691,18,1,0
BRDA:696,19,0,0
BRDA:737,20,0,0
BRDA:737,20,1,0
BRDA:791,21,0,0
BRDA:791,21,1,0
BRDA:838,22,0,0
BRDA:838,22,1,0
BRDA:855,23,0,0
BRDA:855,23,1,0
BRF:39
BRH:0
end_of_record
TN:
SF:src/routes/broker-dashboard.ts
FN:46,(anonymous_0)
FN:70,(anonymous_1)
FN:106,(anonymous_2)
FN:142,(anonymous_3)
FN:175,(anonymous_4)
FN:208,(anonymous_5)
FN:234,(anonymous_6)
FN:253,(anonymous_7)
FN:295,(anonymous_8)
FN:321,(anonymous_9)
FN:340,(anonymous_10)
FN:381,(anonymous_11)
FN:421,(anonymous_12)
FN:455,(anonymous_13)
FNF:14
FNH:0
FNDA:0,(anonymous_0)
FNDA:0,(anonymous_1)
FNDA:0,(anonymous_2)
FNDA:0,(anonymous_3)
FNDA:0,(anonymous_4)
FNDA:0,(anonymous_5)
FNDA:0,(anonymous_6)
FNDA:0,(anonymous_7)
FNDA:0,(anonymous_8)
FNDA:0,(anonymous_9)
FNDA:0,(anonymous_10)
FNDA:0,(anonymous_11)
FNDA:0,(anonymous_12)
FNDA:0,(anonymous_13)
DA:28,0
DA:29,0
DA:31,0
DA:32,0
DA:33,0
DA:34,0
DA:35,0
DA:36,0
DA:37,0
DA:38,0
DA:40,0
DA:43,0
DA:46,0
DA:47,0
DA:48,0
DA:49,0
DA:50,0
DA:53,0
DA:54,0
DA:65,0
DA:70,0
DA:71,0
DA:72,0
DA:73,0
DA:74,0
DA:77,0
DA:78,0
DA:79,0
DA:83,0
DA:99,0
DA:101,0
DA:106,0
DA:107,0
DA:108,0
DA:109,0
DA:110,0
DA:113,0
DA:114,0
DA:115,0
DA:119,0
DA:135,0
DA:137,0
DA:142,0
DA:143,0
DA:144,0
DA:145,0
DA:146,0
DA:149,0
DA:151,0
DA:152,0
DA:153,0
DA:156,0
DA:157,0
DA:158,0
DA:160,0
DA:161,0
DA:170,0
DA:175,0
DA:177,0
DA:178,0
DA:181,0
DA:197,0
DA:198,0
DA:206,0
DA:208,0
DA:221,0
DA:222,0
DA:223,0
DA:225,0
DA:229,0
DA:234,0
DA:235,0
DA:236,0
DA:237,0
DA:238,0
DA:241,0
DA:243,0
DA:244,0
DA:245,0
DA:248,0
DA:253,0
DA:255,0
DA:256,0
DA:273,0
DA:276,0
DA:277,0
DA:278,0
DA:280,0
DA:281,0
DA:293,0
DA:295,0
DA:308,0
DA:309,0
DA:310,0
DA:312,0
DA:316,0
DA:321,0
DA:322,0
DA:323,0
DA:324,0
DA:325,0
DA:328,0
DA:330,0
DA:331,0
DA:332,0
DA:335,0
DA:340,0
DA:342,0
DA:343,0
DA:360,0
DA:363,0
DA:364,0
DA:366,0
DA:367,0
DA:379,0
DA:382,0
DA:383,0
DA:408,0
DA:409,0
DA:410,0
DA:412,0
DA:416,0
DA:421,0
DA:422,0
DA:423,0
DA:424,0
DA:425,0
DA:428,0
DA:430,0
DA:431,0
DA:434,0
DA:437,0
DA:438,0
DA:439,0
DA:440,0
DA:441,0
DA:442,0
DA:445,0
DA:446,0
DA:453,0
DA:455,0
DA:468,0
DA:469,0
DA:470,0
DA:472,0
DA:476,0
DA:480,0
LF:147
LH:0
BRDA:49,0,0,0
BRDA:58,1,0,0
BRDA:58,1,1,0
BRDA:59,2,0,0
BRDA:59,2,1,0
BRDA:60,3,0,0
BRDA:60,3,1,0
BRDA:61,4,0,0
BRDA:61,4,1,0
BRDA:73,5,0,0
BRDA:78,6,0,0
BRDA:92,7,0,0
BRDA:92,7,1,0
BRDA:109,8,0,0
BRDA:114,9,0,0
BRDA:129,10,0,0
BRDA:129,10,1,0
BRDA:130,11,0,0
BRDA:130,11,1,0
BRDA:145,12,0,0
BRDA:149,13,0,0
BRDA:149,14,0,0
BRDA:157,15,0,0
BRDA:160,16,0,0
BRDA:177,17,0,0
BRDA:177,17,1,0
BRDA:222,18,0,0
BRDA:222,18,1,0
BRDA:237,19,0,0
BRDA:241,20,0,0
BRDA:241,21,0,0
BRDA:255,22,0,0
BRDA:276,23,0,0
BRDA:277,24,0,0
BRDA:278,25,0,0
BRDA:309,26,0,0
BRDA:309,26,1,0
BRDA:324,27,0,0
BRDA:328,28,0,0
BRDA:328,29,0,0
BRDA:342,30,0,0
BRDA:363,31,0,0
BRDA:364,32,0,0
BRDA:409,33,0,0
BRDA:409,33,1,0
BRDA:424,34,0,0
BRDA:428,35,0,0
BRDA:428,36,0,0
BRDA:437,37,0,0
BRDA:438,38,0,0
BRDA:439,39,0,0
BRDA:439,40,0,0
BRDA:439,40,1,0
BRDA:441,41,0,0
BRDA:442,42,0,0
BRDA:469,43,0,0
BRDA:469,43,1,0
BRF:57
BRH:0
end_of_record
TN:
SF:src/routes/broker-management.ts
FN:172,(anonymous_0)
FN:267,(anonymous_1)
FN:273,(anonymous_2)
FN:327,(anonymous_3)
FN:433,(anonymous_4)
FN:515,(anonymous_5)
FN:589,(anonymous_6)
FN:726,(anonymous_7)
FN:784,(anonymous_8)
FN:875,(anonymous_9)
FN:883,(anonymous_10)
FN:887,(anonymous_11)
FN:892,(anonymous_12)
FN:905,(anonymous_13)
FN:968,(anonymous_14)
FN:982,(anonymous_15)
FNF:16
FNH:0
FNDA:0,(anonymous_0)
FNDA:0,(anonymous_1)
FNDA:0,(anonymous_2)
FNDA:0,(anonymous_3)
FNDA:0,(anonymous_4)
FNDA:0,(anonymous_5)
FNDA:0,(anonymous_6)
FNDA:0,(anonymous_7)
FNDA:0,(anonymous_8)
FNDA:0,(anonymous_9)
FNDA:0,(anonymous_10)
FNDA:0,(anonymous_11)
FNDA:0,(anonymous_12)
FNDA:0,(anonymous_13)
FNDA:0,(anonymous_14)
FNDA:0,(anonymous_15)
DA:15,0
DA:16,0
DA:17,0
DA:18,0
DA:22,0
DA:172,0
DA:173,0
DA:174,0
DA:177,0
DA:178,0
DA:182,0
DA:185,0
DA:186,0
DA:190,0
DA:193,0
DA:195,0
DA:196,0
DA:200,0
DA:203,0
DA:208,0
DA:211,0
DA:212,0
DA:267,0
DA:268,0
DA:269,0
DA:271,0
DA:273,0
DA:293,0
DA:294,0
DA:327,0
DA:328,0
DA:329,0
DA:331,0
DA:332,0
DA:336,0
DA:339,0
DA:341,0
DA:342,0
DA:346,0
DA:349,0
DA:372,0
DA:373,0
DA:433,0
DA:434,0
DA:435,0
DA:436,0
DA:438,0
DA:439,0
DA:443,0
DA:446,0
DA:448,0
DA:449,0
DA:455,0
DA:459,0
DA:465,0
DA:466,0
DA:515,0
DA:516,0
DA:517,0
DA:518,0
DA:520,0
DA:521,0
DA:525,0
DA:528,0
DA:529,0
DA:533,0
DA:536,0
DA:538,0
DA:539,0
DA:545,0
DA:549,0
DA:555,0
DA:556,0
DA:589,0
DA:590,0
DA:591,0
DA:593,0
DA:594,0
DA:598,0
DA:601,0
DA:603,0
DA:604,0
DA:610,0
DA:612,0
DA:618,0
DA:619,0
DA:726,0
DA:727,0
DA:728,0
DA:730,0
DA:731,0
DA:735,0
DA:738,0
DA:740,0
DA:741,0
DA:747,0
DA:753,0
DA:754,0
DA:784,0
DA:785,0
DA:786,0
DA:788,0
DA:789,0
DA:793,0
DA:796,0
DA:818,0
DA:819,0
DA:875,0
DA:876,0
DA:877,0
DA:879,0
DA:882,0
DA:883,0
DA:886,0
DA:887,0
DA:890,0
DA:891,0
DA:892,0
DA:893,0
DA:900,0
DA:901,0
DA:903,0
DA:905,0
DA:924,0
DA:925,0
DA:968,0
DA:969,0
DA:970,0
DA:971,0
DA:972,0
DA:974,0
DA:982,0
DA:993,0
DA:994,0
DA:1003,0
LF:135
LH:0
BRDA:177,0,0,0
BRDA:177,1,0,0
BRDA:177,1,1,0
BRDA:177,1,2,0
BRDA:177,1,3,0
BRDA:185,2,0,0
BRDA:185,3,0,0
BRDA:185,3,1,0
BRDA:195,4,0,0
BRDA:198,5,0,0
BRDA:198,5,1,0
BRDA:215,6,0,0
BRDA:215,6,1,0
BRDA:297,7,0,0
BRDA:297,7,1,0
BRDA:331,8,0,0
BRDA:341,9,0,0
BRDA:376,10,0,0
BRDA:376,10,1,0
BRDA:438,11,0,0
BRDA:448,12,0,0
BRDA:469,13,0,0
BRDA:469,13,1,0
BRDA:520,14,0,0
BRDA:528,15,0,0
BRDA:538,16,0,0
BRDA:559,17,0,0
BRDA:559,17,1,0
BRDA:593,18,0,0
BRDA:603,19,0,0
BRDA:622,20,0,0
BRDA:622,20,1,0
BRDA:730,21,0,0
BRDA:740,22,0,0
BRDA:757,23,0,0
BRDA:757,23,1,0
BRDA:788,24,0,0
BRDA:822,25,0,0
BRDA:822,25,1,0
BRDA:877,26,0,0
BRDA:877,27,0,0
BRDA:882,28,0,0
BRDA:886,29,0,0
BRDA:890,30,0,0
BRDA:893,31,0,0
BRDA:893,31,1,0
BRDA:893,31,2,0
BRDA:928,32,0,0
BRDA:928,32,1,0
BRDA:975,33,0,0
BRDA:975,33,1,0
BRDA:981,34,0,0
BRDA:981,34,1,0
BRDA:998,35,0,0
BRDA:998,35,1,0
BRF:55
BRH:0
end_of_record
TN:
SF:src/routes/config.ts
FN:22,(anonymous_0)
FN:50,(anonymous_1)
FNF:2
FNH:0
FNDA:0,(anonymous_0)
FNDA:0,(anonymous_1)
DA:10,0
DA:11,0
DA:14,0
[...]
DA:915,0
DA:916,0
DA:918,0
DA:919,0
DA:920,0
DA:921,0
DA:924,0
DA:925,0
DA:927,0
DA:928,0
DA:929,0
DA:931,0
DA:932,0
DA:933,0
DA:934,0
DA:935,0
DA:936,0
DA:937,0
DA:938,0
DA:939,0
DA:940,0
DA:941,0
DA:942,0
DA:944,0
DA:946,0
DA:947,0
DA:948,0
DA:949,0
DA:966,0
DA:978,0
DA:996,0
DA:997,0
DA:1017,0
DA:1019,0
DA:1026,0
DA:1029,0
DA:1030,0
DA:1052,0
DA:1054,0
DA:1055,0
DA:1057,0
DA:1058,0
DA:1062,0
DA:1066,0
DA:1067,0
DA:1071,0
DA:1096,0
DA:1098,0
DA:1100,0
DA:1109,0
DA:1112,0
DA:1113,0
DA:1121,0
DA:1123,0
DA:1125,0
DA:1126,0
DA:1128,0
DA:1129,0
DA:1130,0
DA:1133,0
DA:1134,0
DA:1135,0
DA:1138,0
DA:1139,0
DA:1142,0
DA:1143,0
DA:1146,0
DA:1153,0
DA:1154,0
DA:1155,0
DA:1156,0
DA:1166,0
DA:1167,0
DA:1171,0
DA:1183,0
DA:1184,0
DA:1199,0
DA:1202,0
DA:1203,0
DA:1205,0
DA:1206,0
DA:1207,0
DA:1208,0
DA:1211,0
DA:1219,0
DA:1237,0
DA:1239,0
DA:1240,0
DA:1243,0
DA:1244,0
DA:1246,0
DA:1247,0
DA:1252,0
DA:1253,0
DA:1255,0
DA:1259,0
DA:1260,0
DA:1262,0
DA:1268,0
DA:1275,0
DA:1276,0
DA:1284,0
DA:1289,0
DA:1293,0
DA:1298,0
DA:1303,0
DA:1307,0
DA:1311,0
DA:1312,0
DA:1314,0
DA:1315,0
DA:1329,0
DA:1330,0
DA:1334,0
DA:1335,0
DA:1345,0
DA:1349,0
DA:1350,0
DA:1351,0
DA:1352,0
DA:1354,0
DA:1355,0
DA:1357,0
DA:1361,0
DA:1362,0
DA:1363,0
DA:1364,0
DA:1365,0
DA:1367,0
DA:1368,0
DA:1369,0
DA:1371,0
DA:1372,0
DA:1373,0
DA:1375,0
DA:1380,0
DA:1385,0
DA:1390,0
DA:1395,0
DA:1404,0
DA:1405,0
DA:1412,0
DA:1419,0
DA:1420,0
DA:1427,0
DA:1428,0
DA:1435,0
DA:1436,0
DA:1443,0
DA:1444,0
DA:1455,0
DA:1456,0
DA:1457,0
DA:1458,0
DA:1459,0
DA:1460,0
DA:1461,0
DA:1462,0
DA:1463,0
DA:1464,0
DA:1466,0
DA:1479,0
DA:1480,0
DA:1481,0
DA:1482,0
DA:1483,0
DA:1484,0
DA:1485,0
DA:1486,0
DA:1487,0
DA:1490,0
DA:1497,0
LF:366
LH:0
BRDA:246,0,0,0
BRDA:246,0,1,0
BRDA:246,0,2,0
BRDA:246,0,3,0
BRDA:246,0,4,0
BRDA:246,0,5,0
BRDA:260,1,0,0
BRDA:260,2,0,0
BRDA:260,2,1,0
BRDA:283,3,0,0
BRDA:284,4,0,0
BRDA:285,5,0,0
BRDA:288,6,0,0
BRDA:296,7,0,0
BRDA:297,8,0,0
BRDA:301,9,0,0
BRDA:304,10,0,0
BRDA:304,10,1,0
BRDA:311,11,0,0
BRDA:312,12,0,0
BRDA:314,13,0,0
BRDA:317,14,0,0
BRDA:317,14,1,0
BRDA:317,14,2,0
BRDA:318,15,0,0
BRDA:504,16,0,0
BRDA:723,17,0,0
BRDA:723,17,1,0
BRDA:723,17,2,0
BRDA:723,17,3,0
BRDA:723,17,4,0
BRDA:723,17,5,0
BRDA:726,18,0,0
BRDA:775,19,0,0
BRDA:775,19,1,0
BRDA:777,20,0,0
BRDA:782,21,0,0
BRDA:789,22,0,0
BRDA:789,22,1,0
BRDA:791,23,0,0
BRDA:859,24,0,0
BRDA:859,24,1,0
BRDA:859,25,0,0
BRDA:859,25,1,0
BRDA:861,26,0,0
BRDA:861,26,1,0
BRDA:861,27,0,0
BRDA:861,27,1,0
BRDA:904,28,0,0
BRDA:908,29,0,0
BRDA:908,29,1,0
BRDA:908,29,2,0
BRDA:908,29,3,0
BRDA:908,29,4,0
BRDA:909,30,0,0
BRDA:909,30,1,0
BRDA:909,30,2,0
BRDA:909,30,3,0
BRDA:909,30,4,0
BRDA:910,31,0,0
BRDA:910,32,0,0
BRDA:910,32,1,0
BRDA:916,33,0,0
BRDA:925,34,0,0
BRDA:925,34,1,0
BRDA:925,35,0,0
BRDA:925,35,1,0
BRDA:927,36,0,0
BRDA:927,36,1,0
BRDA:929,37,0,0
BRDA:929,38,0,0
BRDA:929,38,1,0
BRDA:934,39,0,0
BRDA:934,39,1,0
BRDA:935,40,0,0
BRDA:935,40,1,0
BRDA:937,41,0,0
BRDA:941,42,0,0
BRDA:1055,43,0,0
BRDA:1055,43,1,0
BRDA:1057,44,0,0
BRDA:1062,45,0,0
BRDA:1062,45,1,0
BRDA:1064,46,0,0
BRDA:1064,46,1,0
BRDA:1066,47,0,0
BRDA:1142,48,0,0
BRDA:1203,49,0,0
BRDA:1203,49,1,0
BRDA:1205,50,0,0
BRDA:1239,51,0,0
BRDA:1244,52,0,0
BRDA:1244,52,1,0
BRDA:1246,53,0,0
BRDA:1252,54,0,0
BRDA:1252,54,1,0
BRDA:1312,55,0,0
BRDA:1312,55,1,0
BRDA:1314,56,0,0
BRDA:1330,57,0,0
BRDA:1330,57,1,0
BRDA:1330,57,2,0
BRDA:1334,58,0,0
BRDA:1350,59,0,0
BRDA:1350,59,1,0
BRDA:1362,60,0,0
BRDA:1362,60,1,0
BRDA:1364,61,0,0
BRDA:1364,62,0,0
BRDA:1364,62,1,0
BRDA:1364,62,2,0
BRDA:1373,63,0,0
BRDA:1373,63,1,0
BRDA:1373,64,0,0
BRDA:1373,64,1,0
BRDA:1412,65,0,0
BRDA:1412,65,1,0
BRDA:1419,66,0,0
BRDA:1419,66,1,0
BRDA:1456,67,0,0
BRDA:1457,68,0,0
BRDA:1457,68,1,0
BRDA:1458,69,0,0
BRDA:1458,69,1,0
BRDA:1462,70,0,0
BRDA:1463,71,0,0
BRDA:1463,72,0,0
BRDA:1463,72,1,0
BRDA:1464,73,0,0
BRDA:1464,73,1,0
BRDA:1464,74,0,0
BRDA:1464,74,1,0
BRDA:1464,75,0,0
BRDA:1464,75,1,0
BRDA:1464,76,0,0
BRDA:1464,76,1,0
BRDA:1479,77,0,0
BRDA:1479,77,1,0
BRDA:1480,78,0,0
BRDA:1480,78,1,0
BRDA:1484,79,0,0
BRDA:1485,80,0,0
BRDA:1485,81,0,0
BRDA:1485,81,1,0
BRDA:1486,82,0,0
BRDA:1487,83,0,0
BRDA:1487,83,1,0
BRDA:1487,84,0,0
BRDA:1487,84,1,0
BRDA:1487,85,0,0
BRDA:1487,85,1,0
BRF:151
BRH:0
end_of_record
TN:
SF:src/services/web3-wallet.ts
FN:295,(anonymous_1)
FN:297,(anonymous_2)
FN:307,(anonymous_3)
FN:333,(anonymous_4)
FN:334,(anonymous_5)
FN:340,(anonymous_6)
FN:347,(anonymous_7)
FN:466,(anonymous_8)
FN:514,(anonymous_9)
FN:554,(anonymous_10)
FN:577,(anonymous_11)
FN:634,(anonymous_12)
FN:745,(anonymous_13)
FN:767,(anonymous_14)
FN:792,(anonymous_15)
FN:854,(anonymous_16)
FN:870,(anonymous_17)
FN:914,(anonymous_18)
FN:941,(anonymous_19)
FN:1053,(anonymous_20)
FN:1146,(anonymous_21)
FN:1208,(anonymous_22)
FN:1232,(anonymous_23)
FN:1250,(anonymous_24)
FN:1269,(anonymous_25)
FN:1273,(anonymous_26)
FN:1286,(anonymous_27)
FN:1293,(anonymous_28)
FN:1303,(anonymous_29)
FNF:29
FNH:0
FNDA:0,(anonymous_1)
FNDA:0,(anonymous_2)
FNDA:0,(anonymous_3)
FNDA:0,(anonymous_4)
FNDA:0,(anonymous_5)
FNDA:0,(anonymous_6)
FNDA:0,(anonymous_7)
FNDA:0,(anonymous_8)
FNDA:0,(anonymous_9)
FNDA:0,(anonymous_10)
FNDA:0,(anonymous_11)
FNDA:0,(anonymous_12)
FNDA:0,(anonymous_13)
FNDA:0,(anonymous_14)
FNDA:0,(anonymous_15)
FNDA:0,(anonymous_16)
FNDA:0,(anonymous_17)
FNDA:0,(anonymous_18)
FNDA:0,(anonymous_19)
FNDA:0,(anonymous_20)
FNDA:0,(anonymous_21)
FNDA:0,(anonymous_22)
FNDA:0,(anonymous_23)
FNDA:0,(anonymous_24)
FNDA:0,(anonymous_25)
FNDA:0,(anonymous_26)
FNDA:0,(anonymous_27)
FNDA:0,(anonymous_28)
FNDA:0,(anonymous_29)
DA:13,0
DA:14,0
DA:15,0
DA:17,0
DA:18,0
DA:20,0
DA:21,0
DA:154,0
DA:290,0
DA:292,0
DA:293,0
DA:298,0
DA:299,0
DA:301,0
DA:308,0
DA:309,0
DA:312,0
DA:313,0
DA:314,0
DA:315,0
DA:316,0
DA:321,0
DA:323,0
DA:325,0
DA:326,0
DA:334,0
DA:341,0
DA:353,0
DA:354,0
DA:362,0
DA:363,0
DA:364,0
DA:368,0
DA:369,0
DA:373,0
DA:379,0
DA:380,0
DA:381,0
DA:385,0
DA:386,0
DA:392,0
DA:393,0
DA:398,0
DA:429,0
DA:432,0
DA:435,0
DA:450,0
DA:456,0
DA:458,0
DA:459,0
DA:471,0
DA:472,0
DA:474,0
DA:475,0
DA:476,0
DA:480,0
DA:481,0
DA:484,0
DA:487,0
DA:490,0
DA:504,0
DA:506,0
DA:507,0
DA:518,0
DA:519,0
DA:520,0
DA:521,0
DA:524,0
DA:525,0
DA:526,0
DA:530,0
DA:531,0
DA:534,0
DA:535,0
DA:536,0
DA:537,0
DA:538,0
DA:544,0
DA:545,0
DA:548,0
DA:554,0
DA:555,0
DA:558,0
DA:567,0
DA:569,0
DA:570,0
DA:583,0
DA:585,0
DA:592,0
DA:594,0
DA:595,0
DA:598,0
DA:599,0
DA:600,0
DA:601,0
DA:603,0
DA:605,0
DA:616,0
DA:617,0
DA:622,0
DA:623,0
DA:636,0
DA:637,0
DA:638,0
DA:642,0
DA:668,0
DA:671,0
DA:672,0
DA:673,0
DA:674,0
DA:675,0
DA:676,0
DA:679,0
DA:684,0
DA:685,0
DA:686,0
DA:687,0
DA:688,0
DA:689,0
DA:690,0
DA:693,0
DA:698,0
DA:699,0
DA:700,0
DA:701,0
DA:702,0
DA:705,0
DA:709,0
DA:734,0
DA:735,0
DA:736,0
DA:739,0
DA:746,0
DA:747,0
DA:758,0
DA:760,0
DA:768,0
DA:769,0
DA:782,0
DA:783,0
DA:785,0
DA:794,0
DA:813,0
DA:814,0
DA:815,0
DA:818,0
DA:819,0
DA:820,0
DA:821,0
DA:825,0
DA:830,0
DA:833,0
DA:834,0
DA:836,0
DA:837,0
DA:840,0
DA:843,0
DA:844,0
DA:846,0
DA:847,0
DA:855,0
DA:858,0
DA:869,0
DA:870,0
DA:873,0
DA:874,0
DA:875,0
DA:886,0
DA:887,0
DA:888,0
DA:889,0
DA:890,0
DA:897,0
DA:902,0
DA:903,0
DA:904,0
DA:908,0
DA:919,0
DA:920,0
DA:921,0
DA:923,0
DA:924,0
DA:942,0
DA:943,0
DA:944,0
DA:947,0
DA:948,0
DA:949,0
DA:953,0
DA:954,0
DA:955,0
DA:957,0
DA:958,0
DA:959,0
DA:960,0
DA:961,0
DA:964,0
DA:967,0
DA:971,0
DA:972,0
DA:973,0
DA:975,0
DA:976,0
DA:977,0
DA:978,0
DA:979,0
DA:981,0
DA:983,0
DA:986,0
DA:990,0
DA:991,0
DA:992,0
DA:993,0
DA:994,0
DA:995,0
DA:996,0
DA:1000,0
DA:1001,0
DA:1002,0
DA:1004,0
DA:1007,0
DA:1011,0
DA:1012,0
DA:1013,0
DA:1014,0
DA:1021,0
DA:1022,0
DA:1024,0
DA:1025,0
DA:1026,0
DA:1029,0
DA:1030,0
DA:1034,0
DA:1036,0
DA:1042,0
DA:1045,0
DA:1046,0
DA:1059,0
DA:1066,0
DA:1069,0
DA:1093,0
DA:1098,0
DA:1099,0
DA:1100,0
DA:1104,0
DA:1105,0
DA:1106,0
DA:1110,0
DA:1111,0
DA:1112,0
DA:1113,0
DA:1123,0
DA:1124,0
DA:1125,0
DA:1126,0
DA:1127,0
DA:1128,0
DA:1129,0
DA:1130,0
DA:1131,0
DA:1132,0
DA:1136,0
DA:1140,0
DA:1153,0
DA:1154,0
DA:1157,0
DA:1158,0
DA:1159,0
DA:1160,0
DA:1161,0
DA:1162,0
DA:1164,0
DA:1167,0
DA:1168,0
DA:1170,0
DA:1171,0
DA:1176,0
DA:1179,0
DA:1180,0
DA:1185,0
DA:1188,0
DA:1189,0
DA:1192,0
DA:1193,0
DA:1196,0
DA:1213,0
DA:1215,0
DA:1216,0
DA:1217,0
DA:1220,0
DA:1221,0
DA:1222,0
DA:1224,0
DA:1225,0
DA:1237,0
DA:1238,0
DA:1239,0
DA:1240,0
DA:1242,0
DA:1243,0
DA:1251,0
DA:1252,0
DA:1253,0
DA:1254,0
DA:1255,0
DA:1257,0
DA:1259,0
DA:1261,0
DA:1262,0
DA:1270,0
DA:1271,0
DA:1272,0
DA:1273,0
DA:1274,0
DA:1275,0
DA:1277,0
DA:1279,0
DA:1290,0
DA:1291,0
DA:1292,0
DA:1293,0
DA:1295,0
DA:1296,0
DA:1304,0
DA:1309,0
LF:325
LH:0
BRDA:298,0,0,0
BRDA:313,1,0,0
BRDA:341,2,0,0
BRDA:341,2,1,0
BRDA:363,3,0,0
BRDA:368,4,0,0
BRDA:379,5,0,0
BRDA:379,6,0,0
BRDA:379,6,1,0
BRDA:385,7,0,0
BRDA:388,8,0,0
BRDA:388,8,1,0
BRDA:392,9,0,0
BRDA:409,10,0,0
BRDA:409,10,1,0
BRDA:412,11,0,0
BRDA:412,11,1,0
BRDA:475,12,0,0
BRDA:520,13,0,0
BRDA:525,14,0,0
BRDA:536,15,0,0
BRDA:536,16,0,0
BRDA:536,16,1,0
BRDA:544,17,0,0
BRDA:555,18,0,0
BRDA:555,18,1,0
BRDA:594,19,0,0
BRDA:599,20,0,0
BRDA:599,20,1,0
BRDA:600,21,0,0
BRDA:600,21,1,0
BRDA:601,22,0,0
BRDA:601,22,1,0
BRDA:607,23,0,0
BRDA:607,23,1,0
BRDA:608,24,0,0
BRDA:608,24,1,0
BRDA:637,25,0,0
BRDA:637,26,0,0
BRDA:637,26,1,0
BRDA:671,27,0,0
BRDA:674,28,0,0
BRDA:685,29,0,0
BRDA:688,30,0,0
BRDA:700,31,0,0
BRDA:734,32,0,0
BRDA:734,32,1,0
BRDA:735,33,0,0
BRDA:758,34,0,0
BRDA:758,34,1,0
BRDA:783,35,0,0
BRDA:783,35,1,0
BRDA:814,36,0,0
BRDA:820,37,0,0
BRDA:873,38,0,0
BRDA:888,39,0,0
BRDA:888,40,0,0
BRDA:888,40,1,0
BRDA:903,41,0,0
BRDA:948,42,0,0
BRDA:955,43,0,0
BRDA:955,43,1,0
BRDA:958,44,0,0
BRDA:958,44,1,0
BRDA:960,45,0,0
BRDA:960,45,1,0
BRDA:975,46,0,0
BRDA:975,46,1,0
BRDA:977,47,0,0
BRDA:977,47,1,0
BRDA:979,48,0,0
BRDA:979,48,1,0
BRDA:991,49,0,0
BRDA:991,49,1,0
BRDA:993,50,0,0
BRDA:993,50,1,0
BRDA:995,51,0,0
BRDA:1002,52,0,0
BRDA:1013,53,0,0
BRDA:1029,54,0,0
BRDA:1098,55,0,0
BRDA:1104,56,0,0
BRDA:1111,57,0,0
BRDA:1111,58,0,0
BRDA:1111,58,1,0
BRDA:1124,59,0,0
BRDA:1124,59,1,0
BRDA:1127,60,0,0
BRDA:1127,60,1,0
BRDA:1130,61,0,0
BRDA:1146,62,0,0
BRDA:1157,63,0,0
BRDA:1157,63,1,0
BRDA:1157,64,0,0
BRDA:1157,64,1,0
BRDA:1159,65,0,0
BRDA:1159,65,1,0
BRDA:1159,66,0,0
BRDA:1159,66,1,0
BRDA:1161,67,0,0
BRDA:1161,67,1,0
BRDA:1161,68,0,0
BRDA:1161,68,1,0
BRDA:1170,69,0,0
BRDA:1179,70,0,0
BRDA:1188,71,0,0
BRDA:1192,72,0,0
BRDA:1216,73,0,0
BRDA:1216,74,0,0
BRDA:1216,74,1,0
BRDA:1216,74,2,0
BRDA:1222,75,0,0
BRDA:1222,75,1,0
BRDA:1240,76,0,0
BRDA:1240,76,1,0
BRDA:1254,77,0,0
BRDA:1254,77,1,0
BRF:117
BRH:0
end_of_record
TN:
SF:src/utils/error-handler.ts
FN:35,(anonymous_0)
FN:94,(anonymous_1)
FN:112,(anonymous_2)
FN:116,(anonymous_3)
FN:120,(anonymous_4)
FN:124,(anonymous_5)
FN:128,(anonymous_6)
FN:132,(anonymous_7)
FN:136,(anonymous_8)
FN:140,(anonymous_9)
FN:144,(anonymous_10)
FN:149,(anonymous_11)
FN:158,(anonymous_12)
FN:167,(anonymous_13)
FN:176,(anonymous_14)
FN:186,(anonymous_15)
FN:195,(anonymous_16)
FN:204,(anonymous_17)
FN:215,(anonymous_18)
FN:253,(anonymous_19)
FN:276,(anonymous_20)
FN:294,(anonymous_21)
FN:311,createError
FNF:23
FNH:0
FNDA:0,(anonymous_0)
FNDA:0,(anonymous_1)
FNDA:0,(anonymous_2)
FNDA:0,(anonymous_3)
FNDA:0,(anonymous_4)
FNDA:0,(anonymous_5)
FNDA:0,(anonymous_6)
FNDA:0,(anonymous_7)
FNDA:0,(anonymous_8)
FNDA:0,(anonymous_9)
FNDA:0,(anonymous_10)
FNDA:0,(anonymous_11)
FNDA:0,(anonymous_12)
FNDA:0,(anonymous_13)
FNDA:0,(anonymous_14)
FNDA:0,(anonymous_15)
FNDA:0,(anonymous_16)
FNDA:0,(anonymous_17)
FNDA:0,(anonymous_18)
FNDA:0,(anonymous_19)
FNDA:0,(anonymous_20)
FNDA:0,(anonymous_21)
FNDA:0,createError
DA:33,0
DA:35,0
DA:37,0
DA:38,0
DA:39,0
DA:40,0
DA:41,0
DA:42,0
DA:45,0
DA:46,0
DA:47,0
DA:48,0
DA:51,0
DA:52,0
DA:53,0
DA:54,0
DA:55,0
DA:58,0
DA:59,0
DA:60,0
DA:63,0
DA:64,0
DA:65,0
DA:66,0
DA:69,0
DA:70,0
DA:71,0
DA:72,0
DA:75,0
DA:76,0
DA:77,0
DA:78,0
DA:88,0
DA:101,0
DA:102,0
DA:103,0
DA:104,0
DA:105,0
DA:106,0
DA:109,0
DA:113,0
DA:117,0
DA:121,0
DA:125,0
DA:129,0
DA:133,0
DA:137,0
DA:141,0
DA:145,0
DA:150,0
DA:159,0
DA:168,0
DA:177,0
DA:187,0
DA:196,0
DA:205,0
DA:214,0
DA:217,0
DA:218,0
DA:222,0
DA:223,0
DA:226,0
DA:227,0
DA:230,0
DA:231,0
DA:234,0
DA:235,0
DA:238,0
DA:239,0
DA:243,0
DA:250,0
DA:254,0
DA:264,0
DA:265,0
DA:269,0
DA:270,0
DA:273,0
DA:277,0
DA:278,0
DA:282,0
DA:283,0
DA:287,0
DA:288,0
DA:291,0
DA:295,0
DA:302,0
DA:303,0
DA:305,0
DA:311,0
DA:317,0
LF:90
LH:0
BRDA:35,0,0,0
BRDA:35,0,1,0
BRDA:97,1,0,0
BRDA:99,2,0,0
BRDA:116,3,0,0
BRDA:120,4,0,0
BRDA:124,5,0,0
BRDA:136,6,0,0
BRDA:140,7,0,0
BRDA:144,8,0,0
BRDA:217,9,0,0
BRDA:222,10,0,0
BRDA:226,11,0,0
BRDA:230,12,0,0
BRDA:234,13,0,0
BRDA:238,14,0,0
BRDA:264,15,0,0
BRDA:264,16,0,0
BRDA:264,16,1,0
BRDA:269,17,0,0
BRDA:277,18,0,0
BRDA:282,19,0,0
BRDA:282,20,0,0
BRDA:282,20,1,0
BRDA:287,21,0,0
BRDA:287,22,0,0
BRDA:287,22,1,0
BRDA:297,23,0,0
BRDA:297,23,1,0
BRDA:302,24,0,0
BRDA:302,24,1,0
BRF:31
BRH:0
end_of_record
TN:
SF:src/utils/index.ts
FN:33,(anonymous_9)
FN:38,(anonymous_10)
FN:42,(anonymous_11)
FN:55,(anonymous_12)
FN:65,(anonymous_13)
FN:75,(anonymous_14)
FN:87,(anonymous_15)
FN:91,(anonymous_16)
FN:100,(anonymous_17)
FN:110,(anonymous_18)
FN:115,(anonymous_19)
FN:120,(anonymous_20)
FN:126,(anonymous_21)
FN:134,(anonymous_22)
FN:135,(anonymous_23)
FN:140,(anonymous_24)
FN:144,(anonymous_25)
FN:148,(anonymous_26)
FN:152,(anonymous_27)
FN:160,(anonymous_28)
FN:177,(anonymous_29)
FN:183,(anonymous_30)
FN:189,(anonymous_31)
FN:197,(anonymous_32)
FN:201,(anonymous_33)
FN:202,(anonymous_34)
FN:207,(anonymous_35)
FN:211,(anonymous_36)
FN:219,(anonymous_37)
FN:223,(anonymous_38)
FN:224,(anonymous_39)
FN:232,(anonymous_40)
FN:233,(anonymous_41)
FN:247,(anonymous_42)
FN:249,(anonymous_43)
FN:257,(anonymous_44)
FN:259,(anonymous_45)
FN:265,(anonymous_46)
FN:290,(anonymous_47)
FN:300,(anonymous_48)
FN:304,(anonymous_49)
FNF:41
FNH:0
FNDA:0,(anonymous_9)
FNDA:0,(anonymous_10)
FNDA:0,(anonymous_11)
FNDA:0,(anonymous_12)
FNDA:0,(anonymous_13)
FNDA:0,(anonymous_14)
FNDA:0,(anonymous_15)
FNDA:0,(anonymous_16)
FNDA:0,(anonymous_17)
FNDA:0,(anonymous_18)
FNDA:0,(anonymous_19)
FNDA:0,(anonymous_20)
FNDA:0,(anonymous_21)
FNDA:0,(anonymous_22)
FNDA:0,(anonymous_23)
FNDA:0,(anonymous_24)
FNDA:0,(anonymous_25)
FNDA:0,(anonymous_26)
FNDA:0,(anonymous_27)
FNDA:0,(anonymous_28)
FNDA:0,(anonymous_29)
FNDA:0,(anonymous_30)
FNDA:0,(anonymous_31)
FNDA:0,(anonymous_32)
FNDA:0,(anonymous_33)
FNDA:0,(anonymous_34)
FNDA:0,(anonymous_35)
FNDA:0,(anonymous_36)
FNDA:0,(anonymous_37)
FNDA:0,(anonymous_38)
FNDA:0,(anonymous_39)
FNDA:0,(anonymous_40)
FNDA:0,(anonymous_41)
FNDA:0,(anonymous_42)
FNDA:0,(anonymous_43)
FNDA:0,(anonymous_44)
FNDA:0,(anonymous_45)
FNDA:0,(anonymous_46)
FNDA:0,(anonymous_47)
FNDA:0,(anonymous_48)
FNDA:0,(anonymous_49)
DA:24,0
DA:25,0
DA:26,0
DA:27,0
DA:33,0
DA:34,0
DA:35,0
DA:38,0
DA:39,0
DA:42,0
DA:43,0
DA:44,0
DA:45,0
DA:46,0
DA:48,0
DA:55,0
DA:56,0
DA:57,0
DA:58,0
DA:65,0
DA:66,0
DA:67,0
DA:68,0
DA:75,0
DA:76,0
DA:77,0
DA:87,0
DA:88,0
DA:91,0
DA:92,0
DA:93,0
DA:94,0
DA:95,0
DA:97,0
DA:100,0
DA:101,0
DA:102,0
DA:103,0
DA:110,0
DA:111,0
DA:112,0
DA:115,0
DA:116,0
DA:117,0
DA:120,0
DA:122,0
DA:123,0
DA:126,0
DA:127,0
DA:134,0
DA:135,0
DA:136,0
DA:140,0
DA:141,0
DA:144,0
DA:145,0
DA:148,0
DA:149,0
DA:152,0
DA:153,0
DA:160,0
DA:161,0
DA:162,0
DA:163,0
DA:164,0
DA:165,0
DA:166,0
DA:168,0
DA:177,0
DA:178,0
DA:179,0
DA:180,0
DA:183,0
DA:184,0
DA:185,0
DA:186,0
DA:189,0
DA:190,0
DA:197,0
DA:198,0
DA:201,0
DA:202,0
DA:203,0
DA:207,0
DA:208,0
DA:211,0
DA:212,0
DA:219,0
DA:220,0
DA:223,0
DA:224,0
DA:225,0
DA:226,0
DA:227,0
DA:228,0
DA:232,0
DA:233,0
DA:234,0
DA:235,0
DA:237,0
DA:238,0
DA:239,0
DA:247,0
DA:248,0
DA:249,0
DA:250,0
DA:251,0
DA:254,0
DA:257,0
DA:258,0
DA:259,0
DA:260,0
DA:262,0
DA:265,0
DA:266,0
DA:268,0
DA:269,0
DA:270,0
DA:271,0
DA:273,0
DA:278,0
DA:285,0
DA:291,0
DA:292,0
DA:293,0
DA:294,0
DA:296,0
DA:300,0
DA:301,0
DA:304,0
DA:305,0
LF:131
LH:0
BRDA:42,0,0,0
BRDA:56,1,0,0
BRDA:56,1,1,0
BRDA:57,2,0,0
BRDA:57,2,1,0
BRDA:60,3,0,0
BRDA:60,3,1,0
BRDA:61,4,0,0
BRDA:61,4,1,0
BRDA:66,5,0,0
BRDA:66,5,1,0
BRDA:66,5,2,0
BRDA:67,6,0,0
BRDA:67,6,1,0
BRDA:70,7,0,0
BRDA:70,7,1,0
BRDA:71,8,0,0
BRDA:71,8,1,0
BRDA:75,9,0,0
BRDA:76,10,0,0
BRDA:76,10,1,0
BRDA:76,11,0,0
BRDA:76,11,1,0
BRDA:76,11,2,0
BRDA:76,12,0,0
BRDA:76,12,1,0
BRDA:78,13,0,0
BRDA:78,13,1,0
BRDA:79,14,0,0
BRDA:79,14,1,0
BRDA:91,15,0,0
BRDA:100,16,0,0
BRDA:117,17,0,0
BRDA:117,17,1,0
BRDA:136,18,0,0
BRDA:136,18,1,0
BRDA:160,19,0,0
BRDA:203,20,0,0
BRDA:203,20,1,0
BRDA:226,21,0,0
BRDA:226,21,1,0
BRDA:232,22,0,0
BRDA:237,23,0,0
BRDA:237,24,0,0
BRDA:237,24,1,0
BRDA:238,25,0,0
BRDA:238,26,0,0
BRDA:238,26,1,0
BRDA:250,27,0,0
BRDA:269,28,0,0
BRDA:270,29,0,0
BRDA:270,29,1,0
BRDA:270,30,0,0
BRDA:270,30,1,0
BRDA:270,30,2,0
BRDA:290,31,0,0
BRDA:290,32,0,0
BRDA:300,33,0,0
BRDA:300,34,0,0
BRF:59
BRH:0
end_of_record
TN:
SF:src/utils/route-helpers.ts
FN:13,getRequiredParam
FN:24,getOptionalParam
FN:32,getUserId
FN:43,getTenantId
FN:61,getOptionalTenantId
FN:76,asyncHandler
FN:79,(anonymous_6)
FNF:7
FNH:0
FNDA:0,getRequiredParam
FNDA:0,getOptionalParam
FNDA:0,getUserId
FNDA:0,getTenantId
FNDA:0,getOptionalTenantId
FNDA:0,asyncHandler
FNDA:0,(anonymous_6)
DA:13,0
DA:14,0
DA:15,0
DA:16,0
DA:18,0
DA:24,0
DA:25,0
DA:26,0
DA:32,0
DA:33,0
DA:34,0
DA:35,0
DA:37,0
DA:43,0
DA:44,0
DA:45,0
DA:47,0
DA:48,0
DA:51,0
DA:52,0
DA:55,0
DA:61,0
DA:62,0
DA:63,0
DA:65,0
DA:66,0
DA:69,0
DA:76,0
DA:79,0
DA:80,0
DA:81,0
DA:83,0
LF:32
LH:0
BRDA:14,0,0,0
BRDA:14,0,1,0
BRDA:14,0,2,0
BRDA:15,1,0,0
BRDA:15,2,0,0
BRDA:15,2,1,0
BRDA:25,3,0,0
BRDA:25,3,1,0
BRDA:25,3,2,0
BRDA:26,4,0,0
BRDA:26,4,1,0
BRDA:34,5,0,0
BRDA:34,6,0,0
BRDA:34,6,1,0
BRDA:47,7,0,0
BRDA:47,8,0,0
BRDA:47,8,1,0
BRDA:51,9,0,0
BRDA:51,10,0,0
BRDA:51,10,1,0
BRDA:65,11,0,0
BRDA:65,12,0,0
BRDA:65,12,1,0
BRDA:69,13,0,0
BRDA:69,13,1,0
BRDA:69,14,0,0
BRDA:69,14,1,0
BRF:27
BRH:0
end_of_record
TN:
SF:src/utils/sanitize.ts
FN:11,sanitizeHtml
FN:29,sanitizeText
FN:42,sanitizeEmail
FN:55,sanitizeNumeric
FN:81,sanitizeWalletAddress
FN:102,sanitizeUsername
FN:114,sanitizeSearchQuery
FN:126,sanitizeFileName
FN:139,sanitizeSqlIdentifier
FN:151,containsSuspiciousPatterns
FN:176,(anonymous_10)
FN:182,sanitizeFormInput
FN:216,sanitizeObject
FN:220,(anonymous_13)
FN:240,sanitizeRequestBody
FNF:15
FNH:0
FNDA:0,sanitizeHtml
FNDA:0,sanitizeText
FNDA:0,sanitizeEmail
FNDA:0,sanitizeNumeric
FNDA:0,sanitizeWalletAddress
FNDA:0,sanitizeUsername
FNDA:0,sanitizeSearchQuery
FNDA:0,sanitizeFileName
FNDA:0,sanitizeSqlIdentifier
FNDA:0,containsSuspiciousPatterns
FNDA:0,(anonymous_10)
FNDA:0,sanitizeFormInput
FNDA:0,sanitizeObject
FNDA:0,(anonymous_13)
FNDA:0,sanitizeRequestBody
DA:11,0
DA:12,0
DA:15,0
DA:29,0
DA:30,0
DA:32,0
DA:42,0
DA:43,0
DA:45,0
DA:55,0
DA:56,0
DA:58,0
DA:61,0
DA:64,0
DA:65,0
DA:66,0
DA:70,0
DA:71,0
DA:72,0
DA:75,0
DA:81,0
DA:82,0
DA:85,0
DA:90,0
DA:91,0
DA:92,0
DA:93,0
DA:96,0
DA:102,0
DA:103,0
DA:105,0
DA:114,0
DA:115,0
DA:117,0
DA:126,0
DA:127,0
DA:129,0
DA:139,0
DA:140,0
DA:143,0
DA:151,0
DA:152,0
DA:154,0
DA:176,0
DA:182,0
DA:183,0
DA:185,0
DA:188,0
DA:189,0
DA:192,0
DA:194,0
DA:196,0
DA:198,0
DA:200,0
DA:202,0
DA:204,0
DA:206,0
DA:209,0
DA:216,0
DA:217,0
DA:218,0
DA:219,0
DA:220,0
DA:223,0
DA:225,0
DA:226,0
DA:227,0
DA:230,0
DA:234,0
DA:240,0
DA:241,0
DA:242,0
DA:245,0
DA:248,0
DA:249,0
DA:250,0
DA:254,0
LF:77
LH:0
BRDA:12,0,0,0
BRDA:30,1,0,0
BRDA:43,2,0,0
BRDA:56,3,0,0
BRDA:58,4,0,0
BRDA:65,5,0,0
BRDA:71,6,0,0
BRDA:82,7,0,0
BRDA:90,8,0,0
BRDA:90,8,1,0
BRDA:90,9,0,0
BRDA:90,9,1,0
BRDA:92,10,0,0
BRDA:92,11,0,0
BRDA:92,11,1,0
BRDA:103,12,0,0
BRDA:115,13,0,0
BRDA:127,14,0,0
BRDA:140,15,0,0
BRDA:152,16,0,0
BRDA:183,17,0,0
BRDA:183,18,0,0
BRDA:183,18,1,0
BRDA:188,19,0,0
BRDA:192,20,0,0
BRDA:192,20,1,0
BRDA:192,20,2,0
BRDA:192,20,3,0
BRDA:192,20,4,0
BRDA:192,20,5,0
BRDA:192,20,6,0
BRDA:192,20,7,0
BRDA:192,20,8,0
BRDA:217,21,0,0
BRDA:217,22,0,0
BRDA:217,22,1,0
BRDA:218,23,0,0
BRDA:219,24,0,0
BRDA:226,25,0,0
BRDA:226,25,1,0
BRDA:226,26,0,0
BRDA:226,26,1,0
BRDA:230,27,0,0
BRDA:230,27,1,0
BRDA:241,28,0,0
BRDA:241,29,0,0
BRDA:241,29,1,0
BRDA:249,30,0,0
BRDA:249,31,0,0
BRDA:249,31,1,0
BRF:50
BRH:0
end_of_record
